<?xml version="1.0" encoding="UTF-8"?>
<!-- Generated by org.testng.reporters.JUnitXMLReporter -->
<testsuite ignored="0" hostname="HP" failures="0" tests="1" name="SimpleFormTest" time="7.714" errors="0" timestamp="2025-06-28T12:00:22 BDT">
  <testcase classname="base.BaseTest" name="@BeforeMethod setup" time="7.251">
    <failure type="com.microsoft.playwright.PlaywrightException" message="Error {
  message=&amp;apos;url: expected string, got undefined
  name=&amp;apos;Error
  stack=&amp;apos;Error: url: expected string, got undefined
    at tString (C:\Users\HP\AppData\Local\Temp\playwright-java-491993305141980395\package\lib\protocol\validatorPrimitives.js:58:9)
    at C:\Users\HP\AppData\Local\Temp\playwright-java-491993305141980395\package\lib\protocol\validatorPrimitives.js:107:21
    at DispatcherConnection.dispatch (C:\Users\HP\AppData\Local\Temp\playwright-java-491993305141980395\package\lib\server\dispatchers\dispatcher.js:281:21)
    at transport.onmessage (C:\Users\HP\AppData\Local\Temp\playwright-java-491993305141980395\package\lib\cli\driver.js:52:57)
    at Immediate._onImmediate (C:\Users\HP\AppData\Local\Temp\playwright-java-491993305141980395\package\lib\protocol\transport.js:77:34)
    at process.processImmediate (node:internal/timers:478:21)
}">
      <![CDATA[com.microsoft.playwright.PlaywrightException: Error {
  message='url: expected string, got undefined
  name='Error
  stack='Error: url: expected string, got undefined
    at tString (C:\Users\HP\AppData\Local\Temp\playwright-java-491993305141980395\package\lib\protocol\validatorPrimitives.js:58:9)
    at C:\Users\HP\AppData\Local\Temp\playwright-java-491993305141980395\package\lib\protocol\validatorPrimitives.js:107:21
    at DispatcherConnection.dispatch (C:\Users\HP\AppData\Local\Temp\playwright-java-491993305141980395\package\lib\server\dispatchers\dispatcher.js:281:21)
    at transport.onmessage (C:\Users\HP\AppData\Local\Temp\playwright-java-491993305141980395\package\lib\cli\driver.js:52:57)
    at Immediate._onImmediate (C:\Users\HP\AppData\Local\Temp\playwright-java-491993305141980395\package\lib\protocol\transport.js:77:34)
    at process.processImmediate (node:internal/timers:478:21)
}
at com.microsoft.playwright.impl.WaitableResult.get(WaitableResult.java:56)
at com.microsoft.playwright.impl.ChannelOwner.runUntil(ChannelOwner.java:120)
at com.microsoft.playwright.impl.Connection.sendMessage(Connection.java:130)
at com.microsoft.playwright.impl.ChannelOwner.sendMessage(ChannelOwner.java:106)
at com.microsoft.playwright.impl.FrameImpl.navigateImpl(FrameImpl.java:463)
at com.microsoft.playwright.impl.PageImpl.lambda$navigate$46(PageImpl.java:927)
at com.microsoft.playwright.impl.LoggingSupport.withLogging(LoggingSupport.java:47)
at com.microsoft.playwright.impl.ChannelOwner.withLogging(ChannelOwner.java:89)
at com.microsoft.playwright.impl.PageImpl.navigate(PageImpl.java:927)
at com.microsoft.playwright.impl.PageImpl.navigate(PageImpl.java:42)
at com.microsoft.playwright.Page.navigate(Page.java:5530)
at base.BaseTest.setup(BaseTest.java:20)
at java.base/java.util.ArrayList.forEach(ArrayList.java:1596)
at java.base/java.util.concurrent.FutureTask.run(FutureTask.java:317)
at java.base/java.util.concurrent.ThreadPoolExecutor.runWorker(ThreadPoolExecutor.java:1144)
at java.base/java.util.concurrent.ThreadPoolExecutor$Worker.run(ThreadPoolExecutor.java:642)
at java.base/java.lang.Thread.run(Thread.java:1583)
Caused by: com.microsoft.playwright.impl.DriverException: Error {
  message='url: expected string, got undefined
  name='Error
  stack='Error: url: expected string, got undefined
    at tString (C:\Users\HP\AppData\Local\Temp\playwright-java-491993305141980395\package\lib\protocol\validatorPrimitives.js:58:9)
    at C:\Users\HP\AppData\Local\Temp\playwright-java-491993305141980395\package\lib\protocol\validatorPrimitives.js:107:21
    at DispatcherConnection.dispatch (C:\Users\HP\AppData\Local\Temp\playwright-java-491993305141980395\package\lib\server\dispatchers\dispatcher.js:281:21)
    at transport.onmessage (C:\Users\HP\AppData\Local\Temp\playwright-java-491993305141980395\package\lib\cli\driver.js:52:57)
    at Immediate._onImmediate (C:\Users\HP\AppData\Local\Temp\playwright-java-491993305141980395\package\lib\protocol\transport.js:77:34)
    at process.processImmediate (node:internal/timers:478:21)
}
at com.microsoft.playwright.impl.Connection.dispatch(Connection.java:259)
at com.microsoft.playwright.impl.Connection.processOneMessage(Connection.java:211)
at com.microsoft.playwright.impl.ChannelOwner.runUntil(ChannelOwner.java:118)
... 34 more
... Removed 19 stack frames]]>
    </failure>
  </testcase> <!-- @BeforeMethod setup -->
  <testcase classname="base.BaseTest" name="@BeforeMethod setup" time="7.245">
    <failure type="com.microsoft.playwright.PlaywrightException" message="Error {
  message=&amp;apos;url: expected string, got undefined
  name=&amp;apos;Error
  stack=&amp;apos;Error: url: expected string, got undefined
    at tString (C:\Users\HP\AppData\Local\Temp\playwright-java-491993305141980395\package\lib\protocol\validatorPrimitives.js:58:9)
    at C:\Users\HP\AppData\Local\Temp\playwright-java-491993305141980395\package\lib\protocol\validatorPrimitives.js:107:21
    at DispatcherConnection.dispatch (C:\Users\HP\AppData\Local\Temp\playwright-java-491993305141980395\package\lib\server\dispatchers\dispatcher.js:281:21)
    at transport.onmessage (C:\Users\HP\AppData\Local\Temp\playwright-java-491993305141980395\package\lib\cli\driver.js:52:57)
    at Immediate._onImmediate (C:\Users\HP\AppData\Local\Temp\playwright-java-491993305141980395\package\lib\protocol\transport.js:77:34)
    at process.processImmediate (node:internal/timers:478:21)
}">
      <![CDATA[com.microsoft.playwright.PlaywrightException: Error {
  message='url: expected string, got undefined
  name='Error
  stack='Error: url: expected string, got undefined
    at tString (C:\Users\HP\AppData\Local\Temp\playwright-java-491993305141980395\package\lib\protocol\validatorPrimitives.js:58:9)
    at C:\Users\HP\AppData\Local\Temp\playwright-java-491993305141980395\package\lib\protocol\validatorPrimitives.js:107:21
    at DispatcherConnection.dispatch (C:\Users\HP\AppData\Local\Temp\playwright-java-491993305141980395\package\lib\server\dispatchers\dispatcher.js:281:21)
    at transport.onmessage (C:\Users\HP\AppData\Local\Temp\playwright-java-491993305141980395\package\lib\cli\driver.js:52:57)
    at Immediate._onImmediate (C:\Users\HP\AppData\Local\Temp\playwright-java-491993305141980395\package\lib\protocol\transport.js:77:34)
    at process.processImmediate (node:internal/timers:478:21)
}
at com.microsoft.playwright.impl.WaitableResult.get(WaitableResult.java:56)
at com.microsoft.playwright.impl.ChannelOwner.runUntil(ChannelOwner.java:120)
at com.microsoft.playwright.impl.Connection.sendMessage(Connection.java:130)
at com.microsoft.playwright.impl.ChannelOwner.sendMessage(ChannelOwner.java:106)
at com.microsoft.playwright.impl.FrameImpl.navigateImpl(FrameImpl.java:463)
at com.microsoft.playwright.impl.PageImpl.lambda$navigate$46(PageImpl.java:927)
at com.microsoft.playwright.impl.LoggingSupport.withLogging(LoggingSupport.java:47)
at com.microsoft.playwright.impl.ChannelOwner.withLogging(ChannelOwner.java:89)
at com.microsoft.playwright.impl.PageImpl.navigate(PageImpl.java:927)
at com.microsoft.playwright.impl.PageImpl.navigate(PageImpl.java:42)
at com.microsoft.playwright.Page.navigate(Page.java:5530)
at base.BaseTest.setup(BaseTest.java:20)
at java.base/java.util.ArrayList.forEach(ArrayList.java:1596)
at java.base/java.util.concurrent.FutureTask.run(FutureTask.java:317)
at java.base/java.util.concurrent.ThreadPoolExecutor.runWorker(ThreadPoolExecutor.java:1144)
at java.base/java.util.concurrent.ThreadPoolExecutor$Worker.run(ThreadPoolExecutor.java:642)
at java.base/java.lang.Thread.run(Thread.java:1583)
Caused by: com.microsoft.playwright.impl.DriverException: Error {
  message='url: expected string, got undefined
  name='Error
  stack='Error: url: expected string, got undefined
    at tString (C:\Users\HP\AppData\Local\Temp\playwright-java-491993305141980395\package\lib\protocol\validatorPrimitives.js:58:9)
    at C:\Users\HP\AppData\Local\Temp\playwright-java-491993305141980395\package\lib\protocol\validatorPrimitives.js:107:21
    at DispatcherConnection.dispatch (C:\Users\HP\AppData\Local\Temp\playwright-java-491993305141980395\package\lib\server\dispatchers\dispatcher.js:281:21)
    at transport.onmessage (C:\Users\HP\AppData\Local\Temp\playwright-java-491993305141980395\package\lib\cli\driver.js:52:57)
    at Immediate._onImmediate (C:\Users\HP\AppData\Local\Temp\playwright-java-491993305141980395\package\lib\protocol\transport.js:77:34)
    at process.processImmediate (node:internal/timers:478:21)
}
at com.microsoft.playwright.impl.Connection.dispatch(Connection.java:259)
at com.microsoft.playwright.impl.Connection.processOneMessage(Connection.java:211)
at com.microsoft.playwright.impl.ChannelOwner.runUntil(ChannelOwner.java:118)
... 34 more
... Removed 19 stack frames]]>
    </failure>
  </testcase> <!-- @BeforeMethod setup -->
  <testcase classname="base.BaseTest" name="@AfterMethod teardown" time="0.0">
    <skipped/>
  </testcase> <!-- @AfterMethod teardown -->
  <testcase classname="base.BaseTest" name="@AfterMethod teardown" time="0.0">
    <skipped/>
  </testcase> <!-- @AfterMethod teardown -->
  <testcase classname="tests.SimpleFormTest" name="testSimpleFormDemo" time="0.001">
    <skipped/>
  </testcase> <!-- testSimpleFormDemo -->
</testsuite> <!-- SimpleFormTest -->
