<html>
<head>
<title>TestNG:  SimpleFormTest</title>
<link href="../testng.css" rel="stylesheet" type="text/css" />
<link href="../my-testng.css" rel="stylesheet" type="text/css" />

<style type="text/css">
.log { display: none;} 
.stack-trace { display: none;} 
</style>
<script type="text/javascript">
<!--
function flip(e) {
  current = e.style.display;
  if (current == 'block') {
    e.style.display = 'none';
    return 0;
  }
  else {
    e.style.display = 'block';
    return 1;
  }
}

function toggleBox(szDivId, elem, msg1, msg2)
{
  var res = -1;  if (document.getElementById) {
    res = flip(document.getElementById(szDivId));
  }
  else if (document.all) {
    // this is the way old msie versions work
    res = flip(document.all[szDivId]);
  }
  if(elem) {
    if(res == 0) elem.innerHTML = msg1; else elem.innerHTML = msg2;
  }

}

function toggleAllBoxes() {
  if (document.getElementsByTagName) {
    d = document.getElementsByTagName('div');
    for (i = 0; i < d.length; i++) {
      if (d[i].className == 'log') {
        flip(d[i]);
      }
    }
  }
}

// -->
</script>

</head>
<body>
<h2 align='center'>SimpleFormTest</h2><table border='1' align="center">
<tr>
<td>Tests passed/Failed/Skipped:</td><td>0/0/1</td>
</tr><tr>
<td>Started on:</td><td>Sat Jun 28 12:00:15 BDT 2025</td>
</tr>
<tr><td>Total time:</td><td>7 seconds (7714 ms)</td>
</tr><tr>
<td>Included groups:</td><td></td>
</tr><tr>
<td>Excluded groups:</td><td></td>
</tr>
</table><p/>
<small><i>(Hover the method name to see the test class name)</i></small><p/>
<table width='100%' border='1' class='invocation-failed'>
<tr><td colspan='4' align='center'><b>FAILED CONFIGURATIONS</b></td></tr>
<tr><td><b>Test method</b></td>
<td><b>Attribute(s)</b></td>
<td width="30%"><b>Exception</b></td>
<td width="10%"><b>Time (seconds)</b></td>
<td><b>Instance</b></td>
</tr>
<tr>
<td title='tests.SimpleFormTest.setup()'><b>setup</b><br>Test class: tests.SimpleFormTest</td>
<td><div><pre>com.microsoft.playwright.PlaywrightException: Error {
  message=&apos;url: expected string, got undefined
  name=&apos;Error
  stack=&apos;Error: url: expected string, got undefined
    at tString (C:\Users\HP\AppData\Local\Temp\playwright-java-491993305141980395\package\lib\protocol\validatorPrimitives.js:58:9)
    at C:\Users\HP\AppData\Local\Temp\playwright-java-491993305141980395\package\lib\protocol\validatorPrimitives.js:107:21
    at DispatcherConnection.dispatch (C:\Users\HP\AppData\Local\Temp\playwright-java-491993305141980395\package\lib\server\dispatchers\dispatcher.js:281:21)
    at transport.onmessage (C:\Users\HP\AppData\Local\Temp\playwright-java-491993305141980395\package\lib\cli\driver.js:52:57)
    at Immediate._onImmediate (C:\Users\HP\AppData\Local\Temp\playwright-java-491993305141980395\package\lib\protocol\transport.js:77:34)
    at process.processImmediate (node:internal/timers:478:21)
}
	at com.microsoft.playwright.impl.WaitableResult.get(WaitableResult.java:56)
	at com.microsoft.playwright.impl.ChannelOwner.runUntil(ChannelOwner.java:120)
	at com.microsoft.playwright.impl.Connection.sendMessage(Connection.java:130)
	at com.microsoft.playwright.impl.ChannelOwner.sendMessage(ChannelOwner.java:106)
	at com.microsoft.playwright.impl.FrameImpl.navigateImpl(FrameImpl.java:463)
	at com.microsoft.playwright.impl.PageImpl.lambda$navigate$46(PageImpl.java:927)
	at com.microsoft.playwright.impl.LoggingSupport.withLogging(LoggingSupport.java:47)
	at com.microsoft.playwright.impl.ChannelOwner.withLogging(ChannelOwner.java:89)
	at com.microsoft.playwright.impl.PageImpl.navigate(PageImpl.java:927)
	at com.microsoft.playwright.impl.PageImpl.navigate(PageImpl.java:42)
	at com.microsoft.playwright.Page.navigate(Page.java:5530)
	at base.BaseTest.setup(BaseTest.java:20)
	at java.base/java.util.ArrayList.forEach(ArrayList.java:1596)
	at java.base/java.util.concurrent.FutureTask.run(FutureTask.java:317)
	at java.base/java.util.concurrent.ThreadPoolExecutor.runWorker(ThreadPoolExecutor.java:1144)
	at java.base/java.util.concurrent.ThreadPoolExecutor$Worker.run(ThreadPoolExecutor.java:642)
	at java.base/java.lang.Thread.run(Thread.java:1583)
Caused by: com.microsoft.playwright.impl.DriverException: Error {
  message=&apos;url: expected string, got undefined
  name=&apos;Error
  stack=&apos;Error: url: expected string, got undefined
    at tString (C:\Users\HP\AppData\Local\Temp\playwright-java-491993305141980395\package\lib\protocol\validatorPrimitives.js:58:9)
    at C:\Users\HP\AppData\Local\Temp\playwright-java-491993305141980395\package\lib\protocol\validatorPrimitives.js:107:21
    at DispatcherConnection.dispatch (C:\Users\HP\AppData\Local\Temp\playwright-java-491993305141980395\package\lib\server\dispatchers\dispatcher.js:281:21)
    at transport.onmessage (C:\Users\HP\AppData\Local\Temp\playwright-java-491993305141980395\package\lib\cli\driver.js:52:57)
    at Immediate._onImmediate (C:\Users\HP\AppData\Local\Temp\playwright-java-491993305141980395\package\lib\protocol\transport.js:77:34)
    at process.processImmediate (node:internal/timers:478:21)
}
	at com.microsoft.playwright.impl.Connection.dispatch(Connection.java:259)
	at com.microsoft.playwright.impl.Connection.processOneMessage(Connection.java:211)
	at com.microsoft.playwright.impl.ChannelOwner.runUntil(ChannelOwner.java:118)
	... 34 more
... Removed 19 stack frames</pre></div><a href='#' onClick='toggleBox("stack-trace52346503", this, "Click to show all stack frames", "Click to hide stack frames")'>Click to show all stack frames</a>
<div class='stack-trace' id='stack-trace52346503'><pre>com.microsoft.playwright.PlaywrightException: Error {
  message=&apos;url: expected string, got undefined
  name=&apos;Error
  stack=&apos;Error: url: expected string, got undefined
    at tString (C:\Users\HP\AppData\Local\Temp\playwright-java-491993305141980395\package\lib\protocol\validatorPrimitives.js:58:9)
    at C:\Users\HP\AppData\Local\Temp\playwright-java-491993305141980395\package\lib\protocol\validatorPrimitives.js:107:21
    at DispatcherConnection.dispatch (C:\Users\HP\AppData\Local\Temp\playwright-java-491993305141980395\package\lib\server\dispatchers\dispatcher.js:281:21)
    at transport.onmessage (C:\Users\HP\AppData\Local\Temp\playwright-java-491993305141980395\package\lib\cli\driver.js:52:57)
    at Immediate._onImmediate (C:\Users\HP\AppData\Local\Temp\playwright-java-491993305141980395\package\lib\protocol\transport.js:77:34)
    at process.processImmediate (node:internal/timers:478:21)
}
	at com.microsoft.playwright.impl.WaitableResult.get(WaitableResult.java:56)
	at com.microsoft.playwright.impl.ChannelOwner.runUntil(ChannelOwner.java:120)
	at com.microsoft.playwright.impl.Connection.sendMessage(Connection.java:130)
	at com.microsoft.playwright.impl.ChannelOwner.sendMessage(ChannelOwner.java:106)
	at com.microsoft.playwright.impl.FrameImpl.navigateImpl(FrameImpl.java:463)
	at com.microsoft.playwright.impl.PageImpl.lambda$navigate$46(PageImpl.java:927)
	at com.microsoft.playwright.impl.LoggingSupport.withLogging(LoggingSupport.java:47)
	at com.microsoft.playwright.impl.ChannelOwner.withLogging(ChannelOwner.java:89)
	at com.microsoft.playwright.impl.PageImpl.navigate(PageImpl.java:927)
	at com.microsoft.playwright.impl.PageImpl.navigate(PageImpl.java:42)
	at com.microsoft.playwright.Page.navigate(Page.java:5530)
	at base.BaseTest.setup(BaseTest.java:20)
	at java.base/jdk.internal.reflect.DirectMethodHandleAccessor.invoke(DirectMethodHandleAccessor.java:103)
	at java.base/java.lang.reflect.Method.invoke(Method.java:580)
	at org.testng.internal.invokers.MethodInvocationHelper.invokeMethod(MethodInvocationHelper.java:139)
	at org.testng.internal.invokers.MethodInvocationHelper.invokeMethodConsideringTimeout(MethodInvocationHelper.java:69)
	at org.testng.internal.invokers.ConfigInvoker.invokeConfigurationMethod(ConfigInvoker.java:393)
	at org.testng.internal.invokers.ConfigInvoker.invokeConfigurations(ConfigInvoker.java:326)
	at org.testng.internal.invokers.TestInvoker.runConfigMethods(TestInvoker.java:810)
	at org.testng.internal.invokers.TestInvoker.invokeMethod(TestInvoker.java:578)
	at org.testng.internal.invokers.TestInvoker.invokeTestMethod(TestInvoker.java:228)
	at org.testng.internal.invokers.MethodRunner.runInSequence(MethodRunner.java:63)
	at org.testng.internal.invokers.TestInvoker$MethodInvocationAgent.invoke(TestInvoker.java:961)
	at org.testng.internal.invokers.TestInvoker.invokeTestMethods(TestInvoker.java:201)
	at org.testng.internal.invokers.TestMethodWorker.invokeTestMethods(TestMethodWorker.java:148)
	at org.testng.internal.invokers.TestMethodWorker.run(TestMethodWorker.java:128)
	at java.base/java.util.ArrayList.forEach(ArrayList.java:1596)
	at org.testng.TestRunner.privateRun(TestRunner.java:819)
	at org.testng.TestRunner.run(TestRunner.java:619)
	at org.testng.SuiteRunner.runTest(SuiteRunner.java:443)
	at org.testng.SuiteRunner$SuiteWorker.run(SuiteRunner.java:481)
	at org.testng.internal.thread.ThreadUtil.lambda$execute$0(ThreadUtil.java:58)
	at java.base/java.util.concurrent.FutureTask.run(FutureTask.java:317)
	at java.base/java.util.concurrent.ThreadPoolExecutor.runWorker(ThreadPoolExecutor.java:1144)
	at java.base/java.util.concurrent.ThreadPoolExecutor$Worker.run(ThreadPoolExecutor.java:642)
	at java.base/java.lang.Thread.run(Thread.java:1583)
Caused by: com.microsoft.playwright.impl.DriverException: Error {
  message=&apos;url: expected string, got undefined
  name=&apos;Error
  stack=&apos;Error: url: expected string, got undefined
    at tString (C:\Users\HP\AppData\Local\Temp\playwright-java-491993305141980395\package\lib\protocol\validatorPrimitives.js:58:9)
    at C:\Users\HP\AppData\Local\Temp\playwright-java-491993305141980395\package\lib\protocol\validatorPrimitives.js:107:21
    at DispatcherConnection.dispatch (C:\Users\HP\AppData\Local\Temp\playwright-java-491993305141980395\package\lib\server\dispatchers\dispatcher.js:281:21)
    at transport.onmessage (C:\Users\HP\AppData\Local\Temp\playwright-java-491993305141980395\package\lib\cli\driver.js:52:57)
    at Immediate._onImmediate (C:\Users\HP\AppData\Local\Temp\playwright-java-491993305141980395\package\lib\protocol\transport.js:77:34)
    at process.processImmediate (node:internal/timers:478:21)
}
	at com.microsoft.playwright.impl.Connection.dispatch(Connection.java:259)
	at com.microsoft.playwright.impl.Connection.processOneMessage(Connection.java:211)
	at com.microsoft.playwright.impl.ChannelOwner.runUntil(ChannelOwner.java:118)
	... 34 more
</pre></div></td>
<td>7</td>
<td>tests.SimpleFormTest@1e04fa0a</td></tr>
</table><p>
<table width='100%' border='1' class='invocation-skipped'>
<tr><td colspan='4' align='center'><b>SKIPPED CONFIGURATIONS</b></td></tr>
<tr><td><b>Test method</b></td>
<td><b>Attribute(s)</b></td>
<td width="30%"><b>Exception</b></td>
<td width="10%"><b>Time (seconds)</b></td>
<td><b>Instance</b></td>
</tr>
<tr>
<td title='tests.SimpleFormTest.teardown()'><b>teardown</b><br>Test class: tests.SimpleFormTest</td>
<td></td>
<td>0</td>
<td>tests.SimpleFormTest@1e04fa0a</td></tr>
</table><p>
<table width='100%' border='1' class='invocation-skipped'>
<tr><td colspan='4' align='center'><b>SKIPPED TESTS</b></td></tr>
<tr><td><b>Test method</b></td>
<td><b>Attribute(s)</b></td>
<td width="30%"><b>Exception</b></td>
<td width="10%"><b>Time (seconds)</b></td>
<td><b>Instance</b></td>
</tr>
<tr>
<td title='tests.SimpleFormTest.testSimpleFormDemo()'><b>testSimpleFormDemo</b><br>Test class: tests.SimpleFormTest</td>
<td><div><pre>com.microsoft.playwright.PlaywrightException: Error {
  message=&apos;url: expected string, got undefined
  name=&apos;Error
  stack=&apos;Error: url: expected string, got undefined
    at tString (C:\Users\HP\AppData\Local\Temp\playwright-java-491993305141980395\package\lib\protocol\validatorPrimitives.js:58:9)
    at C:\Users\HP\AppData\Local\Temp\playwright-java-491993305141980395\package\lib\protocol\validatorPrimitives.js:107:21
    at DispatcherConnection.dispatch (C:\Users\HP\AppData\Local\Temp\playwright-java-491993305141980395\package\lib\server\dispatchers\dispatcher.js:281:21)
    at transport.onmessage (C:\Users\HP\AppData\Local\Temp\playwright-java-491993305141980395\package\lib\cli\driver.js:52:57)
    at Immediate._onImmediate (C:\Users\HP\AppData\Local\Temp\playwright-java-491993305141980395\package\lib\protocol\transport.js:77:34)
    at process.processImmediate (node:internal/timers:478:21)
}
	at com.microsoft.playwright.impl.WaitableResult.get(WaitableResult.java:56)
	at com.microsoft.playwright.impl.ChannelOwner.runUntil(ChannelOwner.java:120)
	at com.microsoft.playwright.impl.Connection.sendMessage(Connection.java:130)
	at com.microsoft.playwright.impl.ChannelOwner.sendMessage(ChannelOwner.java:106)
	at com.microsoft.playwright.impl.FrameImpl.navigateImpl(FrameImpl.java:463)
	at com.microsoft.playwright.impl.PageImpl.lambda$navigate$46(PageImpl.java:927)
	at com.microsoft.playwright.impl.LoggingSupport.withLogging(LoggingSupport.java:47)
	at com.microsoft.playwright.impl.ChannelOwner.withLogging(ChannelOwner.java:89)
	at com.microsoft.playwright.impl.PageImpl.navigate(PageImpl.java:927)
	at com.microsoft.playwright.impl.PageImpl.navigate(PageImpl.java:42)
	at com.microsoft.playwright.Page.navigate(Page.java:5530)
	at base.BaseTest.setup(BaseTest.java:20)
	at java.base/java.util.ArrayList.forEach(ArrayList.java:1596)
	at java.base/java.util.concurrent.FutureTask.run(FutureTask.java:317)
	at java.base/java.util.concurrent.ThreadPoolExecutor.runWorker(ThreadPoolExecutor.java:1144)
	at java.base/java.util.concurrent.ThreadPoolExecutor$Worker.run(ThreadPoolExecutor.java:642)
	at java.base/java.lang.Thread.run(Thread.java:1583)
Caused by: com.microsoft.playwright.impl.DriverException: Error {
  message=&apos;url: expected string, got undefined
  name=&apos;Error
  stack=&apos;Error: url: expected string, got undefined
    at tString (C:\Users\HP\AppData\Local\Temp\playwright-java-491993305141980395\package\lib\protocol\validatorPrimitives.js:58:9)
    at C:\Users\HP\AppData\Local\Temp\playwright-java-491993305141980395\package\lib\protocol\validatorPrimitives.js:107:21
    at DispatcherConnection.dispatch (C:\Users\HP\AppData\Local\Temp\playwright-java-491993305141980395\package\lib\server\dispatchers\dispatcher.js:281:21)
    at transport.onmessage (C:\Users\HP\AppData\Local\Temp\playwright-java-491993305141980395\package\lib\cli\driver.js:52:57)
    at Immediate._onImmediate (C:\Users\HP\AppData\Local\Temp\playwright-java-491993305141980395\package\lib\protocol\transport.js:77:34)
    at process.processImmediate (node:internal/timers:478:21)
}
	at com.microsoft.playwright.impl.Connection.dispatch(Connection.java:259)
	at com.microsoft.playwright.impl.Connection.processOneMessage(Connection.java:211)
	at com.microsoft.playwright.impl.ChannelOwner.runUntil(ChannelOwner.java:118)
	... 34 more
... Removed 19 stack frames</pre></div><a href='#' onClick='toggleBox("stack-trace1859121493", this, "Click to show all stack frames", "Click to hide stack frames")'>Click to show all stack frames</a>
<div class='stack-trace' id='stack-trace1859121493'><pre>com.microsoft.playwright.PlaywrightException: Error {
  message=&apos;url: expected string, got undefined
  name=&apos;Error
  stack=&apos;Error: url: expected string, got undefined
    at tString (C:\Users\HP\AppData\Local\Temp\playwright-java-491993305141980395\package\lib\protocol\validatorPrimitives.js:58:9)
    at C:\Users\HP\AppData\Local\Temp\playwright-java-491993305141980395\package\lib\protocol\validatorPrimitives.js:107:21
    at DispatcherConnection.dispatch (C:\Users\HP\AppData\Local\Temp\playwright-java-491993305141980395\package\lib\server\dispatchers\dispatcher.js:281:21)
    at transport.onmessage (C:\Users\HP\AppData\Local\Temp\playwright-java-491993305141980395\package\lib\cli\driver.js:52:57)
    at Immediate._onImmediate (C:\Users\HP\AppData\Local\Temp\playwright-java-491993305141980395\package\lib\protocol\transport.js:77:34)
    at process.processImmediate (node:internal/timers:478:21)
}
	at com.microsoft.playwright.impl.WaitableResult.get(WaitableResult.java:56)
	at com.microsoft.playwright.impl.ChannelOwner.runUntil(ChannelOwner.java:120)
	at com.microsoft.playwright.impl.Connection.sendMessage(Connection.java:130)
	at com.microsoft.playwright.impl.ChannelOwner.sendMessage(ChannelOwner.java:106)
	at com.microsoft.playwright.impl.FrameImpl.navigateImpl(FrameImpl.java:463)
	at com.microsoft.playwright.impl.PageImpl.lambda$navigate$46(PageImpl.java:927)
	at com.microsoft.playwright.impl.LoggingSupport.withLogging(LoggingSupport.java:47)
	at com.microsoft.playwright.impl.ChannelOwner.withLogging(ChannelOwner.java:89)
	at com.microsoft.playwright.impl.PageImpl.navigate(PageImpl.java:927)
	at com.microsoft.playwright.impl.PageImpl.navigate(PageImpl.java:42)
	at com.microsoft.playwright.Page.navigate(Page.java:5530)
	at base.BaseTest.setup(BaseTest.java:20)
	at java.base/jdk.internal.reflect.DirectMethodHandleAccessor.invoke(DirectMethodHandleAccessor.java:103)
	at java.base/java.lang.reflect.Method.invoke(Method.java:580)
	at org.testng.internal.invokers.MethodInvocationHelper.invokeMethod(MethodInvocationHelper.java:139)
	at org.testng.internal.invokers.MethodInvocationHelper.invokeMethodConsideringTimeout(MethodInvocationHelper.java:69)
	at org.testng.internal.invokers.ConfigInvoker.invokeConfigurationMethod(ConfigInvoker.java:393)
	at org.testng.internal.invokers.ConfigInvoker.invokeConfigurations(ConfigInvoker.java:326)
	at org.testng.internal.invokers.TestInvoker.runConfigMethods(TestInvoker.java:810)
	at org.testng.internal.invokers.TestInvoker.invokeMethod(TestInvoker.java:578)
	at org.testng.internal.invokers.TestInvoker.invokeTestMethod(TestInvoker.java:228)
	at org.testng.internal.invokers.MethodRunner.runInSequence(MethodRunner.java:63)
	at org.testng.internal.invokers.TestInvoker$MethodInvocationAgent.invoke(TestInvoker.java:961)
	at org.testng.internal.invokers.TestInvoker.invokeTestMethods(TestInvoker.java:201)
	at org.testng.internal.invokers.TestMethodWorker.invokeTestMethods(TestMethodWorker.java:148)
	at org.testng.internal.invokers.TestMethodWorker.run(TestMethodWorker.java:128)
	at java.base/java.util.ArrayList.forEach(ArrayList.java:1596)
	at org.testng.TestRunner.privateRun(TestRunner.java:819)
	at org.testng.TestRunner.run(TestRunner.java:619)
	at org.testng.SuiteRunner.runTest(SuiteRunner.java:443)
	at org.testng.SuiteRunner$SuiteWorker.run(SuiteRunner.java:481)
	at org.testng.internal.thread.ThreadUtil.lambda$execute$0(ThreadUtil.java:58)
	at java.base/java.util.concurrent.FutureTask.run(FutureTask.java:317)
	at java.base/java.util.concurrent.ThreadPoolExecutor.runWorker(ThreadPoolExecutor.java:1144)
	at java.base/java.util.concurrent.ThreadPoolExecutor$Worker.run(ThreadPoolExecutor.java:642)
	at java.base/java.lang.Thread.run(Thread.java:1583)
Caused by: com.microsoft.playwright.impl.DriverException: Error {
  message=&apos;url: expected string, got undefined
  name=&apos;Error
  stack=&apos;Error: url: expected string, got undefined
    at tString (C:\Users\HP\AppData\Local\Temp\playwright-java-491993305141980395\package\lib\protocol\validatorPrimitives.js:58:9)
    at C:\Users\HP\AppData\Local\Temp\playwright-java-491993305141980395\package\lib\protocol\validatorPrimitives.js:107:21
    at DispatcherConnection.dispatch (C:\Users\HP\AppData\Local\Temp\playwright-java-491993305141980395\package\lib\server\dispatchers\dispatcher.js:281:21)
    at transport.onmessage (C:\Users\HP\AppData\Local\Temp\playwright-java-491993305141980395\package\lib\cli\driver.js:52:57)
    at Immediate._onImmediate (C:\Users\HP\AppData\Local\Temp\playwright-java-491993305141980395\package\lib\protocol\transport.js:77:34)
    at process.processImmediate (node:internal/timers:478:21)
}
	at com.microsoft.playwright.impl.Connection.dispatch(Connection.java:259)
	at com.microsoft.playwright.impl.Connection.processOneMessage(Connection.java:211)
	at com.microsoft.playwright.impl.ChannelOwner.runUntil(ChannelOwner.java:118)
	... 34 more
</pre></div></td>
<td>0</td>
<td>tests.SimpleFormTest@1e04fa0a</td></tr>
</table><p>
</body>
</html>