<?xml version="1.0" encoding="UTF-8"?>
<testng-results ignored="0" total="3" passed="0" failed="0" skipped="3">
  <reporter-output>
  </reporter-output>
  <suite started-at="2025-06-28T12:00:15 BDT" name="LambdaTest Playwright Suite" finished-at="2025-06-28T12:00:25 BDT" duration-ms="9890">
    <groups>
    </groups>
    <test started-at="2025-06-28T12:00:15 BDT" name="SliderTest" finished-at="2025-06-28T12:00:22 BDT" duration-ms="7664">
      <class name="tests.SliderTest">
        <test-method is-config="true" signature="setup()[pri:0, instance:tests.SliderTest@5a45133e]" started-at="2025-06-28T12:00:15 BDT" name="setup" finished-at="2025-06-28T12:00:22 BDT" duration-ms="7251" status="FAIL">
          <exception class="com.microsoft.playwright.PlaywrightException">
            <message>
              <![CDATA[Error {
  message='url: expected string, got undefined
  name='Error
  stack='Error: url: expected string, got undefined
    at tString (C:\Users\HP\AppData\Local\Temp\playwright-java-491993305141980395\package\lib\protocol\validatorPrimitives.js:58:9)
    at C:\Users\HP\AppData\Local\Temp\playwright-java-491993305141980395\package\lib\protocol\validatorPrimitives.js:107:21
    at DispatcherConnection.dispatch (C:\Users\HP\AppData\Local\Temp\playwright-java-491993305141980395\package\lib\server\dispatchers\dispatcher.js:281:21)
    at transport.onmessage (C:\Users\HP\AppData\Local\Temp\playwright-java-491993305141980395\package\lib\cli\driver.js:52:57)
    at Immediate._onImmediate (C:\Users\HP\AppData\Local\Temp\playwright-java-491993305141980395\package\lib\protocol\transport.js:77:34)
    at process.processImmediate (node:internal/timers:478:21)
}]]>
            </message>
            <full-stacktrace>
              <![CDATA[com.microsoft.playwright.PlaywrightException: Error {
  message='url: expected string, got undefined
  name='Error
  stack='Error: url: expected string, got undefined
    at tString (C:\Users\HP\AppData\Local\Temp\playwright-java-491993305141980395\package\lib\protocol\validatorPrimitives.js:58:9)
    at C:\Users\HP\AppData\Local\Temp\playwright-java-491993305141980395\package\lib\protocol\validatorPrimitives.js:107:21
    at DispatcherConnection.dispatch (C:\Users\HP\AppData\Local\Temp\playwright-java-491993305141980395\package\lib\server\dispatchers\dispatcher.js:281:21)
    at transport.onmessage (C:\Users\HP\AppData\Local\Temp\playwright-java-491993305141980395\package\lib\cli\driver.js:52:57)
    at Immediate._onImmediate (C:\Users\HP\AppData\Local\Temp\playwright-java-491993305141980395\package\lib\protocol\transport.js:77:34)
    at process.processImmediate (node:internal/timers:478:21)
}
at com.microsoft.playwright.impl.WaitableResult.get(WaitableResult.java:56)
at com.microsoft.playwright.impl.ChannelOwner.runUntil(ChannelOwner.java:120)
at com.microsoft.playwright.impl.Connection.sendMessage(Connection.java:130)
at com.microsoft.playwright.impl.ChannelOwner.sendMessage(ChannelOwner.java:106)
at com.microsoft.playwright.impl.FrameImpl.navigateImpl(FrameImpl.java:463)
at com.microsoft.playwright.impl.PageImpl.lambda$navigate$46(PageImpl.java:927)
at com.microsoft.playwright.impl.LoggingSupport.withLogging(LoggingSupport.java:47)
at com.microsoft.playwright.impl.ChannelOwner.withLogging(ChannelOwner.java:89)
at com.microsoft.playwright.impl.PageImpl.navigate(PageImpl.java:927)
at com.microsoft.playwright.impl.PageImpl.navigate(PageImpl.java:42)
at com.microsoft.playwright.Page.navigate(Page.java:5530)
at base.BaseTest.setup(BaseTest.java:20)
at java.base/jdk.internal.reflect.DirectMethodHandleAccessor.invoke(DirectMethodHandleAccessor.java:103)
at java.base/java.lang.reflect.Method.invoke(Method.java:580)
at org.testng.internal.invokers.MethodInvocationHelper.invokeMethod(MethodInvocationHelper.java:139)
at org.testng.internal.invokers.MethodInvocationHelper.invokeMethodConsideringTimeout(MethodInvocationHelper.java:69)
at org.testng.internal.invokers.ConfigInvoker.invokeConfigurationMethod(ConfigInvoker.java:393)
at org.testng.internal.invokers.ConfigInvoker.invokeConfigurations(ConfigInvoker.java:326)
at org.testng.internal.invokers.TestInvoker.runConfigMethods(TestInvoker.java:810)
at org.testng.internal.invokers.TestInvoker.invokeMethod(TestInvoker.java:578)
at org.testng.internal.invokers.TestInvoker.invokeTestMethod(TestInvoker.java:228)
at org.testng.internal.invokers.MethodRunner.runInSequence(MethodRunner.java:63)
at org.testng.internal.invokers.TestInvoker$MethodInvocationAgent.invoke(TestInvoker.java:961)
at org.testng.internal.invokers.TestInvoker.invokeTestMethods(TestInvoker.java:201)
at org.testng.internal.invokers.TestMethodWorker.invokeTestMethods(TestMethodWorker.java:148)
at org.testng.internal.invokers.TestMethodWorker.run(TestMethodWorker.java:128)
at java.base/java.util.ArrayList.forEach(ArrayList.java:1596)
at org.testng.TestRunner.privateRun(TestRunner.java:819)
at org.testng.TestRunner.run(TestRunner.java:619)
at org.testng.SuiteRunner.runTest(SuiteRunner.java:443)
at org.testng.SuiteRunner$SuiteWorker.run(SuiteRunner.java:481)
at org.testng.internal.thread.ThreadUtil.lambda$execute$0(ThreadUtil.java:58)
at java.base/java.util.concurrent.FutureTask.run(FutureTask.java:317)
at java.base/java.util.concurrent.ThreadPoolExecutor.runWorker(ThreadPoolExecutor.java:1144)
at java.base/java.util.concurrent.ThreadPoolExecutor$Worker.run(ThreadPoolExecutor.java:642)
at java.base/java.lang.Thread.run(Thread.java:1583)
Caused by: com.microsoft.playwright.impl.DriverException: Error {
  message='url: expected string, got undefined
  name='Error
  stack='Error: url: expected string, got undefined
    at tString (C:\Users\HP\AppData\Local\Temp\playwright-java-491993305141980395\package\lib\protocol\validatorPrimitives.js:58:9)
    at C:\Users\HP\AppData\Local\Temp\playwright-java-491993305141980395\package\lib\protocol\validatorPrimitives.js:107:21
    at DispatcherConnection.dispatch (C:\Users\HP\AppData\Local\Temp\playwright-java-491993305141980395\package\lib\server\dispatchers\dispatcher.js:281:21)
    at transport.onmessage (C:\Users\HP\AppData\Local\Temp\playwright-java-491993305141980395\package\lib\cli\driver.js:52:57)
    at Immediate._onImmediate (C:\Users\HP\AppData\Local\Temp\playwright-java-491993305141980395\package\lib\protocol\transport.js:77:34)
    at process.processImmediate (node:internal/timers:478:21)
}
at com.microsoft.playwright.impl.Connection.dispatch(Connection.java:259)
at com.microsoft.playwright.impl.Connection.processOneMessage(Connection.java:211)
at com.microsoft.playwright.impl.ChannelOwner.runUntil(ChannelOwner.java:118)
... 34 more
]]>
            </full-stacktrace>
          </exception> <!-- com.microsoft.playwright.PlaywrightException -->
          <reporter-output>
          </reporter-output>
        </test-method> <!-- setup -->
        <test-method signature="testSliderTo95()[pri:0, instance:tests.SliderTest@5a45133e]" started-at="2025-06-28T12:00:22 BDT" name="testSliderTo95" finished-at="2025-06-28T12:00:22 BDT" duration-ms="1" status="SKIP">
          <exception class="com.microsoft.playwright.PlaywrightException">
            <message>
              <![CDATA[Error {
  message='url: expected string, got undefined
  name='Error
  stack='Error: url: expected string, got undefined
    at tString (C:\Users\HP\AppData\Local\Temp\playwright-java-491993305141980395\package\lib\protocol\validatorPrimitives.js:58:9)
    at C:\Users\HP\AppData\Local\Temp\playwright-java-491993305141980395\package\lib\protocol\validatorPrimitives.js:107:21
    at DispatcherConnection.dispatch (C:\Users\HP\AppData\Local\Temp\playwright-java-491993305141980395\package\lib\server\dispatchers\dispatcher.js:281:21)
    at transport.onmessage (C:\Users\HP\AppData\Local\Temp\playwright-java-491993305141980395\package\lib\cli\driver.js:52:57)
    at Immediate._onImmediate (C:\Users\HP\AppData\Local\Temp\playwright-java-491993305141980395\package\lib\protocol\transport.js:77:34)
    at process.processImmediate (node:internal/timers:478:21)
}]]>
            </message>
            <full-stacktrace>
              <![CDATA[com.microsoft.playwright.PlaywrightException: Error {
  message='url: expected string, got undefined
  name='Error
  stack='Error: url: expected string, got undefined
    at tString (C:\Users\HP\AppData\Local\Temp\playwright-java-491993305141980395\package\lib\protocol\validatorPrimitives.js:58:9)
    at C:\Users\HP\AppData\Local\Temp\playwright-java-491993305141980395\package\lib\protocol\validatorPrimitives.js:107:21
    at DispatcherConnection.dispatch (C:\Users\HP\AppData\Local\Temp\playwright-java-491993305141980395\package\lib\server\dispatchers\dispatcher.js:281:21)
    at transport.onmessage (C:\Users\HP\AppData\Local\Temp\playwright-java-491993305141980395\package\lib\cli\driver.js:52:57)
    at Immediate._onImmediate (C:\Users\HP\AppData\Local\Temp\playwright-java-491993305141980395\package\lib\protocol\transport.js:77:34)
    at process.processImmediate (node:internal/timers:478:21)
}
at com.microsoft.playwright.impl.WaitableResult.get(WaitableResult.java:56)
at com.microsoft.playwright.impl.ChannelOwner.runUntil(ChannelOwner.java:120)
at com.microsoft.playwright.impl.Connection.sendMessage(Connection.java:130)
at com.microsoft.playwright.impl.ChannelOwner.sendMessage(ChannelOwner.java:106)
at com.microsoft.playwright.impl.FrameImpl.navigateImpl(FrameImpl.java:463)
at com.microsoft.playwright.impl.PageImpl.lambda$navigate$46(PageImpl.java:927)
at com.microsoft.playwright.impl.LoggingSupport.withLogging(LoggingSupport.java:47)
at com.microsoft.playwright.impl.ChannelOwner.withLogging(ChannelOwner.java:89)
at com.microsoft.playwright.impl.PageImpl.navigate(PageImpl.java:927)
at com.microsoft.playwright.impl.PageImpl.navigate(PageImpl.java:42)
at com.microsoft.playwright.Page.navigate(Page.java:5530)
at base.BaseTest.setup(BaseTest.java:20)
at java.base/jdk.internal.reflect.DirectMethodHandleAccessor.invoke(DirectMethodHandleAccessor.java:103)
at java.base/java.lang.reflect.Method.invoke(Method.java:580)
at org.testng.internal.invokers.MethodInvocationHelper.invokeMethod(MethodInvocationHelper.java:139)
at org.testng.internal.invokers.MethodInvocationHelper.invokeMethodConsideringTimeout(MethodInvocationHelper.java:69)
at org.testng.internal.invokers.ConfigInvoker.invokeConfigurationMethod(ConfigInvoker.java:393)
at org.testng.internal.invokers.ConfigInvoker.invokeConfigurations(ConfigInvoker.java:326)
at org.testng.internal.invokers.TestInvoker.runConfigMethods(TestInvoker.java:810)
at org.testng.internal.invokers.TestInvoker.invokeMethod(TestInvoker.java:578)
at org.testng.internal.invokers.TestInvoker.invokeTestMethod(TestInvoker.java:228)
at org.testng.internal.invokers.MethodRunner.runInSequence(MethodRunner.java:63)
at org.testng.internal.invokers.TestInvoker$MethodInvocationAgent.invoke(TestInvoker.java:961)
at org.testng.internal.invokers.TestInvoker.invokeTestMethods(TestInvoker.java:201)
at org.testng.internal.invokers.TestMethodWorker.invokeTestMethods(TestMethodWorker.java:148)
at org.testng.internal.invokers.TestMethodWorker.run(TestMethodWorker.java:128)
at java.base/java.util.ArrayList.forEach(ArrayList.java:1596)
at org.testng.TestRunner.privateRun(TestRunner.java:819)
at org.testng.TestRunner.run(TestRunner.java:619)
at org.testng.SuiteRunner.runTest(SuiteRunner.java:443)
at org.testng.SuiteRunner$SuiteWorker.run(SuiteRunner.java:481)
at org.testng.internal.thread.ThreadUtil.lambda$execute$0(ThreadUtil.java:58)
at java.base/java.util.concurrent.FutureTask.run(FutureTask.java:317)
at java.base/java.util.concurrent.ThreadPoolExecutor.runWorker(ThreadPoolExecutor.java:1144)
at java.base/java.util.concurrent.ThreadPoolExecutor$Worker.run(ThreadPoolExecutor.java:642)
at java.base/java.lang.Thread.run(Thread.java:1583)
Caused by: com.microsoft.playwright.impl.DriverException: Error {
  message='url: expected string, got undefined
  name='Error
  stack='Error: url: expected string, got undefined
    at tString (C:\Users\HP\AppData\Local\Temp\playwright-java-491993305141980395\package\lib\protocol\validatorPrimitives.js:58:9)
    at C:\Users\HP\AppData\Local\Temp\playwright-java-491993305141980395\package\lib\protocol\validatorPrimitives.js:107:21
    at DispatcherConnection.dispatch (C:\Users\HP\AppData\Local\Temp\playwright-java-491993305141980395\package\lib\server\dispatchers\dispatcher.js:281:21)
    at transport.onmessage (C:\Users\HP\AppData\Local\Temp\playwright-java-491993305141980395\package\lib\cli\driver.js:52:57)
    at Immediate._onImmediate (C:\Users\HP\AppData\Local\Temp\playwright-java-491993305141980395\package\lib\protocol\transport.js:77:34)
    at process.processImmediate (node:internal/timers:478:21)
}
at com.microsoft.playwright.impl.Connection.dispatch(Connection.java:259)
at com.microsoft.playwright.impl.Connection.processOneMessage(Connection.java:211)
at com.microsoft.playwright.impl.ChannelOwner.runUntil(ChannelOwner.java:118)
... 34 more
]]>
            </full-stacktrace>
          </exception> <!-- com.microsoft.playwright.PlaywrightException -->
          <reporter-output>
          </reporter-output>
        </test-method> <!-- testSliderTo95 -->
        <test-method is-config="true" signature="teardown()[pri:0, instance:tests.SliderTest@5a45133e]" started-at="2025-06-28T12:00:22 BDT" name="teardown" finished-at="2025-06-28T12:00:22 BDT" duration-ms="0" status="SKIP">
          <reporter-output>
          </reporter-output>
        </test-method> <!-- teardown -->
      </class> <!-- tests.SliderTest -->
    </test> <!-- SliderTest -->
    <test started-at="2025-06-28T12:00:15 BDT" name="SimpleFormTest" finished-at="2025-06-28T12:00:22 BDT" duration-ms="7714">
      <class name="tests.SimpleFormTest">
        <test-method is-config="true" signature="setup()[pri:0, instance:tests.SimpleFormTest@1e04fa0a]" started-at="2025-06-28T12:00:15 BDT" name="setup" finished-at="2025-06-28T12:00:22 BDT" duration-ms="7245" status="FAIL">
          <exception class="com.microsoft.playwright.PlaywrightException">
            <message>
              <![CDATA[Error {
  message='url: expected string, got undefined
  name='Error
  stack='Error: url: expected string, got undefined
    at tString (C:\Users\HP\AppData\Local\Temp\playwright-java-491993305141980395\package\lib\protocol\validatorPrimitives.js:58:9)
    at C:\Users\HP\AppData\Local\Temp\playwright-java-491993305141980395\package\lib\protocol\validatorPrimitives.js:107:21
    at DispatcherConnection.dispatch (C:\Users\HP\AppData\Local\Temp\playwright-java-491993305141980395\package\lib\server\dispatchers\dispatcher.js:281:21)
    at transport.onmessage (C:\Users\HP\AppData\Local\Temp\playwright-java-491993305141980395\package\lib\cli\driver.js:52:57)
    at Immediate._onImmediate (C:\Users\HP\AppData\Local\Temp\playwright-java-491993305141980395\package\lib\protocol\transport.js:77:34)
    at process.processImmediate (node:internal/timers:478:21)
}]]>
            </message>
            <full-stacktrace>
              <![CDATA[com.microsoft.playwright.PlaywrightException: Error {
  message='url: expected string, got undefined
  name='Error
  stack='Error: url: expected string, got undefined
    at tString (C:\Users\HP\AppData\Local\Temp\playwright-java-491993305141980395\package\lib\protocol\validatorPrimitives.js:58:9)
    at C:\Users\HP\AppData\Local\Temp\playwright-java-491993305141980395\package\lib\protocol\validatorPrimitives.js:107:21
    at DispatcherConnection.dispatch (C:\Users\HP\AppData\Local\Temp\playwright-java-491993305141980395\package\lib\server\dispatchers\dispatcher.js:281:21)
    at transport.onmessage (C:\Users\HP\AppData\Local\Temp\playwright-java-491993305141980395\package\lib\cli\driver.js:52:57)
    at Immediate._onImmediate (C:\Users\HP\AppData\Local\Temp\playwright-java-491993305141980395\package\lib\protocol\transport.js:77:34)
    at process.processImmediate (node:internal/timers:478:21)
}
at com.microsoft.playwright.impl.WaitableResult.get(WaitableResult.java:56)
at com.microsoft.playwright.impl.ChannelOwner.runUntil(ChannelOwner.java:120)
at com.microsoft.playwright.impl.Connection.sendMessage(Connection.java:130)
at com.microsoft.playwright.impl.ChannelOwner.sendMessage(ChannelOwner.java:106)
at com.microsoft.playwright.impl.FrameImpl.navigateImpl(FrameImpl.java:463)
at com.microsoft.playwright.impl.PageImpl.lambda$navigate$46(PageImpl.java:927)
at com.microsoft.playwright.impl.LoggingSupport.withLogging(LoggingSupport.java:47)
at com.microsoft.playwright.impl.ChannelOwner.withLogging(ChannelOwner.java:89)
at com.microsoft.playwright.impl.PageImpl.navigate(PageImpl.java:927)
at com.microsoft.playwright.impl.PageImpl.navigate(PageImpl.java:42)
at com.microsoft.playwright.Page.navigate(Page.java:5530)
at base.BaseTest.setup(BaseTest.java:20)
at java.base/jdk.internal.reflect.DirectMethodHandleAccessor.invoke(DirectMethodHandleAccessor.java:103)
at java.base/java.lang.reflect.Method.invoke(Method.java:580)
at org.testng.internal.invokers.MethodInvocationHelper.invokeMethod(MethodInvocationHelper.java:139)
at org.testng.internal.invokers.MethodInvocationHelper.invokeMethodConsideringTimeout(MethodInvocationHelper.java:69)
at org.testng.internal.invokers.ConfigInvoker.invokeConfigurationMethod(ConfigInvoker.java:393)
at org.testng.internal.invokers.ConfigInvoker.invokeConfigurations(ConfigInvoker.java:326)
at org.testng.internal.invokers.TestInvoker.runConfigMethods(TestInvoker.java:810)
at org.testng.internal.invokers.TestInvoker.invokeMethod(TestInvoker.java:578)
at org.testng.internal.invokers.TestInvoker.invokeTestMethod(TestInvoker.java:228)
at org.testng.internal.invokers.MethodRunner.runInSequence(MethodRunner.java:63)
at org.testng.internal.invokers.TestInvoker$MethodInvocationAgent.invoke(TestInvoker.java:961)
at org.testng.internal.invokers.TestInvoker.invokeTestMethods(TestInvoker.java:201)
at org.testng.internal.invokers.TestMethodWorker.invokeTestMethods(TestMethodWorker.java:148)
at org.testng.internal.invokers.TestMethodWorker.run(TestMethodWorker.java:128)
at java.base/java.util.ArrayList.forEach(ArrayList.java:1596)
at org.testng.TestRunner.privateRun(TestRunner.java:819)
at org.testng.TestRunner.run(TestRunner.java:619)
at org.testng.SuiteRunner.runTest(SuiteRunner.java:443)
at org.testng.SuiteRunner$SuiteWorker.run(SuiteRunner.java:481)
at org.testng.internal.thread.ThreadUtil.lambda$execute$0(ThreadUtil.java:58)
at java.base/java.util.concurrent.FutureTask.run(FutureTask.java:317)
at java.base/java.util.concurrent.ThreadPoolExecutor.runWorker(ThreadPoolExecutor.java:1144)
at java.base/java.util.concurrent.ThreadPoolExecutor$Worker.run(ThreadPoolExecutor.java:642)
at java.base/java.lang.Thread.run(Thread.java:1583)
Caused by: com.microsoft.playwright.impl.DriverException: Error {
  message='url: expected string, got undefined
  name='Error
  stack='Error: url: expected string, got undefined
    at tString (C:\Users\HP\AppData\Local\Temp\playwright-java-491993305141980395\package\lib\protocol\validatorPrimitives.js:58:9)
    at C:\Users\HP\AppData\Local\Temp\playwright-java-491993305141980395\package\lib\protocol\validatorPrimitives.js:107:21
    at DispatcherConnection.dispatch (C:\Users\HP\AppData\Local\Temp\playwright-java-491993305141980395\package\lib\server\dispatchers\dispatcher.js:281:21)
    at transport.onmessage (C:\Users\HP\AppData\Local\Temp\playwright-java-491993305141980395\package\lib\cli\driver.js:52:57)
    at Immediate._onImmediate (C:\Users\HP\AppData\Local\Temp\playwright-java-491993305141980395\package\lib\protocol\transport.js:77:34)
    at process.processImmediate (node:internal/timers:478:21)
}
at com.microsoft.playwright.impl.Connection.dispatch(Connection.java:259)
at com.microsoft.playwright.impl.Connection.processOneMessage(Connection.java:211)
at com.microsoft.playwright.impl.ChannelOwner.runUntil(ChannelOwner.java:118)
... 34 more
]]>
            </full-stacktrace>
          </exception> <!-- com.microsoft.playwright.PlaywrightException -->
          <reporter-output>
          </reporter-output>
        </test-method> <!-- setup -->
        <test-method signature="testSimpleFormDemo()[pri:0, instance:tests.SimpleFormTest@1e04fa0a]" started-at="2025-06-28T12:00:22 BDT" name="testSimpleFormDemo" finished-at="2025-06-28T12:00:22 BDT" duration-ms="1" status="SKIP">
          <exception class="com.microsoft.playwright.PlaywrightException">
            <message>
              <![CDATA[Error {
  message='url: expected string, got undefined
  name='Error
  stack='Error: url: expected string, got undefined
    at tString (C:\Users\HP\AppData\Local\Temp\playwright-java-491993305141980395\package\lib\protocol\validatorPrimitives.js:58:9)
    at C:\Users\HP\AppData\Local\Temp\playwright-java-491993305141980395\package\lib\protocol\validatorPrimitives.js:107:21
    at DispatcherConnection.dispatch (C:\Users\HP\AppData\Local\Temp\playwright-java-491993305141980395\package\lib\server\dispatchers\dispatcher.js:281:21)
    at transport.onmessage (C:\Users\HP\AppData\Local\Temp\playwright-java-491993305141980395\package\lib\cli\driver.js:52:57)
    at Immediate._onImmediate (C:\Users\HP\AppData\Local\Temp\playwright-java-491993305141980395\package\lib\protocol\transport.js:77:34)
    at process.processImmediate (node:internal/timers:478:21)
}]]>
            </message>
            <full-stacktrace>
              <![CDATA[com.microsoft.playwright.PlaywrightException: Error {
  message='url: expected string, got undefined
  name='Error
  stack='Error: url: expected string, got undefined
    at tString (C:\Users\HP\AppData\Local\Temp\playwright-java-491993305141980395\package\lib\protocol\validatorPrimitives.js:58:9)
    at C:\Users\HP\AppData\Local\Temp\playwright-java-491993305141980395\package\lib\protocol\validatorPrimitives.js:107:21
    at DispatcherConnection.dispatch (C:\Users\HP\AppData\Local\Temp\playwright-java-491993305141980395\package\lib\server\dispatchers\dispatcher.js:281:21)
    at transport.onmessage (C:\Users\HP\AppData\Local\Temp\playwright-java-491993305141980395\package\lib\cli\driver.js:52:57)
    at Immediate._onImmediate (C:\Users\HP\AppData\Local\Temp\playwright-java-491993305141980395\package\lib\protocol\transport.js:77:34)
    at process.processImmediate (node:internal/timers:478:21)
}
at com.microsoft.playwright.impl.WaitableResult.get(WaitableResult.java:56)
at com.microsoft.playwright.impl.ChannelOwner.runUntil(ChannelOwner.java:120)
at com.microsoft.playwright.impl.Connection.sendMessage(Connection.java:130)
at com.microsoft.playwright.impl.ChannelOwner.sendMessage(ChannelOwner.java:106)
at com.microsoft.playwright.impl.FrameImpl.navigateImpl(FrameImpl.java:463)
at com.microsoft.playwright.impl.PageImpl.lambda$navigate$46(PageImpl.java:927)
at com.microsoft.playwright.impl.LoggingSupport.withLogging(LoggingSupport.java:47)
at com.microsoft.playwright.impl.ChannelOwner.withLogging(ChannelOwner.java:89)
at com.microsoft.playwright.impl.PageImpl.navigate(PageImpl.java:927)
at com.microsoft.playwright.impl.PageImpl.navigate(PageImpl.java:42)
at com.microsoft.playwright.Page.navigate(Page.java:5530)
at base.BaseTest.setup(BaseTest.java:20)
at java.base/jdk.internal.reflect.DirectMethodHandleAccessor.invoke(DirectMethodHandleAccessor.java:103)
at java.base/java.lang.reflect.Method.invoke(Method.java:580)
at org.testng.internal.invokers.MethodInvocationHelper.invokeMethod(MethodInvocationHelper.java:139)
at org.testng.internal.invokers.MethodInvocationHelper.invokeMethodConsideringTimeout(MethodInvocationHelper.java:69)
at org.testng.internal.invokers.ConfigInvoker.invokeConfigurationMethod(ConfigInvoker.java:393)
at org.testng.internal.invokers.ConfigInvoker.invokeConfigurations(ConfigInvoker.java:326)
at org.testng.internal.invokers.TestInvoker.runConfigMethods(TestInvoker.java:810)
at org.testng.internal.invokers.TestInvoker.invokeMethod(TestInvoker.java:578)
at org.testng.internal.invokers.TestInvoker.invokeTestMethod(TestInvoker.java:228)
at org.testng.internal.invokers.MethodRunner.runInSequence(MethodRunner.java:63)
at org.testng.internal.invokers.TestInvoker$MethodInvocationAgent.invoke(TestInvoker.java:961)
at org.testng.internal.invokers.TestInvoker.invokeTestMethods(TestInvoker.java:201)
at org.testng.internal.invokers.TestMethodWorker.invokeTestMethods(TestMethodWorker.java:148)
at org.testng.internal.invokers.TestMethodWorker.run(TestMethodWorker.java:128)
at java.base/java.util.ArrayList.forEach(ArrayList.java:1596)
at org.testng.TestRunner.privateRun(TestRunner.java:819)
at org.testng.TestRunner.run(TestRunner.java:619)
at org.testng.SuiteRunner.runTest(SuiteRunner.java:443)
at org.testng.SuiteRunner$SuiteWorker.run(SuiteRunner.java:481)
at org.testng.internal.thread.ThreadUtil.lambda$execute$0(ThreadUtil.java:58)
at java.base/java.util.concurrent.FutureTask.run(FutureTask.java:317)
at java.base/java.util.concurrent.ThreadPoolExecutor.runWorker(ThreadPoolExecutor.java:1144)
at java.base/java.util.concurrent.ThreadPoolExecutor$Worker.run(ThreadPoolExecutor.java:642)
at java.base/java.lang.Thread.run(Thread.java:1583)
Caused by: com.microsoft.playwright.impl.DriverException: Error {
  message='url: expected string, got undefined
  name='Error
  stack='Error: url: expected string, got undefined
    at tString (C:\Users\HP\AppData\Local\Temp\playwright-java-491993305141980395\package\lib\protocol\validatorPrimitives.js:58:9)
    at C:\Users\HP\AppData\Local\Temp\playwright-java-491993305141980395\package\lib\protocol\validatorPrimitives.js:107:21
    at DispatcherConnection.dispatch (C:\Users\HP\AppData\Local\Temp\playwright-java-491993305141980395\package\lib\server\dispatchers\dispatcher.js:281:21)
    at transport.onmessage (C:\Users\HP\AppData\Local\Temp\playwright-java-491993305141980395\package\lib\cli\driver.js:52:57)
    at Immediate._onImmediate (C:\Users\HP\AppData\Local\Temp\playwright-java-491993305141980395\package\lib\protocol\transport.js:77:34)
    at process.processImmediate (node:internal/timers:478:21)
}
at com.microsoft.playwright.impl.Connection.dispatch(Connection.java:259)
at com.microsoft.playwright.impl.Connection.processOneMessage(Connection.java:211)
at com.microsoft.playwright.impl.ChannelOwner.runUntil(ChannelOwner.java:118)
... 34 more
]]>
            </full-stacktrace>
          </exception> <!-- com.microsoft.playwright.PlaywrightException -->
          <reporter-output>
          </reporter-output>
        </test-method> <!-- testSimpleFormDemo -->
        <test-method is-config="true" signature="teardown()[pri:0, instance:tests.SimpleFormTest@1e04fa0a]" started-at="2025-06-28T12:00:22 BDT" name="teardown" finished-at="2025-06-28T12:00:22 BDT" duration-ms="0" status="SKIP">
          <reporter-output>
          </reporter-output>
        </test-method> <!-- teardown -->
      </class> <!-- tests.SimpleFormTest -->
    </test> <!-- SimpleFormTest -->
    <test started-at="2025-06-28T12:00:22 BDT" name="InputFormTest" finished-at="2025-06-28T12:00:25 BDT" duration-ms="2139">
      <class name="tests.InputFormTest">
        <test-method is-config="true" signature="setup()[pri:0, instance:tests.InputFormTest@121314f7]" started-at="2025-06-28T12:00:22 BDT" name="setup" finished-at="2025-06-28T12:00:25 BDT" duration-ms="2074" status="FAIL">
          <exception class="com.microsoft.playwright.PlaywrightException">
            <message>
              <![CDATA[Error {
  message='url: expected string, got undefined
  name='Error
  stack='Error: url: expected string, got undefined
    at tString (C:\Users\HP\AppData\Local\Temp\playwright-java-491993305141980395\package\lib\protocol\validatorPrimitives.js:58:9)
    at C:\Users\HP\AppData\Local\Temp\playwright-java-491993305141980395\package\lib\protocol\validatorPrimitives.js:107:21
    at DispatcherConnection.dispatch (C:\Users\HP\AppData\Local\Temp\playwright-java-491993305141980395\package\lib\server\dispatchers\dispatcher.js:281:21)
    at transport.onmessage (C:\Users\HP\AppData\Local\Temp\playwright-java-491993305141980395\package\lib\cli\driver.js:52:57)
    at Immediate._onImmediate (C:\Users\HP\AppData\Local\Temp\playwright-java-491993305141980395\package\lib\protocol\transport.js:77:34)
    at process.processImmediate (node:internal/timers:478:21)
}]]>
            </message>
            <full-stacktrace>
              <![CDATA[com.microsoft.playwright.PlaywrightException: Error {
  message='url: expected string, got undefined
  name='Error
  stack='Error: url: expected string, got undefined
    at tString (C:\Users\HP\AppData\Local\Temp\playwright-java-491993305141980395\package\lib\protocol\validatorPrimitives.js:58:9)
    at C:\Users\HP\AppData\Local\Temp\playwright-java-491993305141980395\package\lib\protocol\validatorPrimitives.js:107:21
    at DispatcherConnection.dispatch (C:\Users\HP\AppData\Local\Temp\playwright-java-491993305141980395\package\lib\server\dispatchers\dispatcher.js:281:21)
    at transport.onmessage (C:\Users\HP\AppData\Local\Temp\playwright-java-491993305141980395\package\lib\cli\driver.js:52:57)
    at Immediate._onImmediate (C:\Users\HP\AppData\Local\Temp\playwright-java-491993305141980395\package\lib\protocol\transport.js:77:34)
    at process.processImmediate (node:internal/timers:478:21)
}
at com.microsoft.playwright.impl.WaitableResult.get(WaitableResult.java:56)
at com.microsoft.playwright.impl.ChannelOwner.runUntil(ChannelOwner.java:120)
at com.microsoft.playwright.impl.Connection.sendMessage(Connection.java:130)
at com.microsoft.playwright.impl.ChannelOwner.sendMessage(ChannelOwner.java:106)
at com.microsoft.playwright.impl.FrameImpl.navigateImpl(FrameImpl.java:463)
at com.microsoft.playwright.impl.PageImpl.lambda$navigate$46(PageImpl.java:927)
at com.microsoft.playwright.impl.LoggingSupport.withLogging(LoggingSupport.java:47)
at com.microsoft.playwright.impl.ChannelOwner.withLogging(ChannelOwner.java:89)
at com.microsoft.playwright.impl.PageImpl.navigate(PageImpl.java:927)
at com.microsoft.playwright.impl.PageImpl.navigate(PageImpl.java:42)
at com.microsoft.playwright.Page.navigate(Page.java:5530)
at base.BaseTest.setup(BaseTest.java:20)
at java.base/jdk.internal.reflect.DirectMethodHandleAccessor.invoke(DirectMethodHandleAccessor.java:103)
at java.base/java.lang.reflect.Method.invoke(Method.java:580)
at org.testng.internal.invokers.MethodInvocationHelper.invokeMethod(MethodInvocationHelper.java:139)
at org.testng.internal.invokers.MethodInvocationHelper.invokeMethodConsideringTimeout(MethodInvocationHelper.java:69)
at org.testng.internal.invokers.ConfigInvoker.invokeConfigurationMethod(ConfigInvoker.java:393)
at org.testng.internal.invokers.ConfigInvoker.invokeConfigurations(ConfigInvoker.java:326)
at org.testng.internal.invokers.TestInvoker.runConfigMethods(TestInvoker.java:810)
at org.testng.internal.invokers.TestInvoker.invokeMethod(TestInvoker.java:578)
at org.testng.internal.invokers.TestInvoker.invokeTestMethod(TestInvoker.java:228)
at org.testng.internal.invokers.MethodRunner.runInSequence(MethodRunner.java:63)
at org.testng.internal.invokers.TestInvoker$MethodInvocationAgent.invoke(TestInvoker.java:961)
at org.testng.internal.invokers.TestInvoker.invokeTestMethods(TestInvoker.java:201)
at org.testng.internal.invokers.TestMethodWorker.invokeTestMethods(TestMethodWorker.java:148)
at org.testng.internal.invokers.TestMethodWorker.run(TestMethodWorker.java:128)
at java.base/java.util.ArrayList.forEach(ArrayList.java:1596)
at org.testng.TestRunner.privateRun(TestRunner.java:819)
at org.testng.TestRunner.run(TestRunner.java:619)
at org.testng.SuiteRunner.runTest(SuiteRunner.java:443)
at org.testng.SuiteRunner$SuiteWorker.run(SuiteRunner.java:481)
at org.testng.internal.thread.ThreadUtil.lambda$execute$0(ThreadUtil.java:58)
at java.base/java.util.concurrent.FutureTask.run(FutureTask.java:317)
at java.base/java.util.concurrent.ThreadPoolExecutor.runWorker(ThreadPoolExecutor.java:1144)
at java.base/java.util.concurrent.ThreadPoolExecutor$Worker.run(ThreadPoolExecutor.java:642)
at java.base/java.lang.Thread.run(Thread.java:1583)
Caused by: com.microsoft.playwright.impl.DriverException: Error {
  message='url: expected string, got undefined
  name='Error
  stack='Error: url: expected string, got undefined
    at tString (C:\Users\HP\AppData\Local\Temp\playwright-java-491993305141980395\package\lib\protocol\validatorPrimitives.js:58:9)
    at C:\Users\HP\AppData\Local\Temp\playwright-java-491993305141980395\package\lib\protocol\validatorPrimitives.js:107:21
    at DispatcherConnection.dispatch (C:\Users\HP\AppData\Local\Temp\playwright-java-491993305141980395\package\lib\server\dispatchers\dispatcher.js:281:21)
    at transport.onmessage (C:\Users\HP\AppData\Local\Temp\playwright-java-491993305141980395\package\lib\cli\driver.js:52:57)
    at Immediate._onImmediate (C:\Users\HP\AppData\Local\Temp\playwright-java-491993305141980395\package\lib\protocol\transport.js:77:34)
    at process.processImmediate (node:internal/timers:478:21)
}
at com.microsoft.playwright.impl.Connection.dispatch(Connection.java:259)
at com.microsoft.playwright.impl.Connection.processOneMessage(Connection.java:211)
at com.microsoft.playwright.impl.ChannelOwner.runUntil(ChannelOwner.java:118)
... 34 more
]]>
            </full-stacktrace>
          </exception> <!-- com.microsoft.playwright.PlaywrightException -->
          <reporter-output>
          </reporter-output>
        </test-method> <!-- setup -->
        <test-method signature="testInputFormSubmit()[pri:0, instance:tests.InputFormTest@121314f7]" started-at="2025-06-28T12:00:25 BDT" name="testInputFormSubmit" finished-at="2025-06-28T12:00:25 BDT" duration-ms="1" status="SKIP">
          <exception class="com.microsoft.playwright.PlaywrightException">
            <message>
              <![CDATA[Error {
  message='url: expected string, got undefined
  name='Error
  stack='Error: url: expected string, got undefined
    at tString (C:\Users\HP\AppData\Local\Temp\playwright-java-491993305141980395\package\lib\protocol\validatorPrimitives.js:58:9)
    at C:\Users\HP\AppData\Local\Temp\playwright-java-491993305141980395\package\lib\protocol\validatorPrimitives.js:107:21
    at DispatcherConnection.dispatch (C:\Users\HP\AppData\Local\Temp\playwright-java-491993305141980395\package\lib\server\dispatchers\dispatcher.js:281:21)
    at transport.onmessage (C:\Users\HP\AppData\Local\Temp\playwright-java-491993305141980395\package\lib\cli\driver.js:52:57)
    at Immediate._onImmediate (C:\Users\HP\AppData\Local\Temp\playwright-java-491993305141980395\package\lib\protocol\transport.js:77:34)
    at process.processImmediate (node:internal/timers:478:21)
}]]>
            </message>
            <full-stacktrace>
              <![CDATA[com.microsoft.playwright.PlaywrightException: Error {
  message='url: expected string, got undefined
  name='Error
  stack='Error: url: expected string, got undefined
    at tString (C:\Users\HP\AppData\Local\Temp\playwright-java-491993305141980395\package\lib\protocol\validatorPrimitives.js:58:9)
    at C:\Users\HP\AppData\Local\Temp\playwright-java-491993305141980395\package\lib\protocol\validatorPrimitives.js:107:21
    at DispatcherConnection.dispatch (C:\Users\HP\AppData\Local\Temp\playwright-java-491993305141980395\package\lib\server\dispatchers\dispatcher.js:281:21)
    at transport.onmessage (C:\Users\HP\AppData\Local\Temp\playwright-java-491993305141980395\package\lib\cli\driver.js:52:57)
    at Immediate._onImmediate (C:\Users\HP\AppData\Local\Temp\playwright-java-491993305141980395\package\lib\protocol\transport.js:77:34)
    at process.processImmediate (node:internal/timers:478:21)
}
at com.microsoft.playwright.impl.WaitableResult.get(WaitableResult.java:56)
at com.microsoft.playwright.impl.ChannelOwner.runUntil(ChannelOwner.java:120)
at com.microsoft.playwright.impl.Connection.sendMessage(Connection.java:130)
at com.microsoft.playwright.impl.ChannelOwner.sendMessage(ChannelOwner.java:106)
at com.microsoft.playwright.impl.FrameImpl.navigateImpl(FrameImpl.java:463)
at com.microsoft.playwright.impl.PageImpl.lambda$navigate$46(PageImpl.java:927)
at com.microsoft.playwright.impl.LoggingSupport.withLogging(LoggingSupport.java:47)
at com.microsoft.playwright.impl.ChannelOwner.withLogging(ChannelOwner.java:89)
at com.microsoft.playwright.impl.PageImpl.navigate(PageImpl.java:927)
at com.microsoft.playwright.impl.PageImpl.navigate(PageImpl.java:42)
at com.microsoft.playwright.Page.navigate(Page.java:5530)
at base.BaseTest.setup(BaseTest.java:20)
at java.base/jdk.internal.reflect.DirectMethodHandleAccessor.invoke(DirectMethodHandleAccessor.java:103)
at java.base/java.lang.reflect.Method.invoke(Method.java:580)
at org.testng.internal.invokers.MethodInvocationHelper.invokeMethod(MethodInvocationHelper.java:139)
at org.testng.internal.invokers.MethodInvocationHelper.invokeMethodConsideringTimeout(MethodInvocationHelper.java:69)
at org.testng.internal.invokers.ConfigInvoker.invokeConfigurationMethod(ConfigInvoker.java:393)
at org.testng.internal.invokers.ConfigInvoker.invokeConfigurations(ConfigInvoker.java:326)
at org.testng.internal.invokers.TestInvoker.runConfigMethods(TestInvoker.java:810)
at org.testng.internal.invokers.TestInvoker.invokeMethod(TestInvoker.java:578)
at org.testng.internal.invokers.TestInvoker.invokeTestMethod(TestInvoker.java:228)
at org.testng.internal.invokers.MethodRunner.runInSequence(MethodRunner.java:63)
at org.testng.internal.invokers.TestInvoker$MethodInvocationAgent.invoke(TestInvoker.java:961)
at org.testng.internal.invokers.TestInvoker.invokeTestMethods(TestInvoker.java:201)
at org.testng.internal.invokers.TestMethodWorker.invokeTestMethods(TestMethodWorker.java:148)
at org.testng.internal.invokers.TestMethodWorker.run(TestMethodWorker.java:128)
at java.base/java.util.ArrayList.forEach(ArrayList.java:1596)
at org.testng.TestRunner.privateRun(TestRunner.java:819)
at org.testng.TestRunner.run(TestRunner.java:619)
at org.testng.SuiteRunner.runTest(SuiteRunner.java:443)
at org.testng.SuiteRunner$SuiteWorker.run(SuiteRunner.java:481)
at org.testng.internal.thread.ThreadUtil.lambda$execute$0(ThreadUtil.java:58)
at java.base/java.util.concurrent.FutureTask.run(FutureTask.java:317)
at java.base/java.util.concurrent.ThreadPoolExecutor.runWorker(ThreadPoolExecutor.java:1144)
at java.base/java.util.concurrent.ThreadPoolExecutor$Worker.run(ThreadPoolExecutor.java:642)
at java.base/java.lang.Thread.run(Thread.java:1583)
Caused by: com.microsoft.playwright.impl.DriverException: Error {
  message='url: expected string, got undefined
  name='Error
  stack='Error: url: expected string, got undefined
    at tString (C:\Users\HP\AppData\Local\Temp\playwright-java-491993305141980395\package\lib\protocol\validatorPrimitives.js:58:9)
    at C:\Users\HP\AppData\Local\Temp\playwright-java-491993305141980395\package\lib\protocol\validatorPrimitives.js:107:21
    at DispatcherConnection.dispatch (C:\Users\HP\AppData\Local\Temp\playwright-java-491993305141980395\package\lib\server\dispatchers\dispatcher.js:281:21)
    at transport.onmessage (C:\Users\HP\AppData\Local\Temp\playwright-java-491993305141980395\package\lib\cli\driver.js:52:57)
    at Immediate._onImmediate (C:\Users\HP\AppData\Local\Temp\playwright-java-491993305141980395\package\lib\protocol\transport.js:77:34)
    at process.processImmediate (node:internal/timers:478:21)
}
at com.microsoft.playwright.impl.Connection.dispatch(Connection.java:259)
at com.microsoft.playwright.impl.Connection.processOneMessage(Connection.java:211)
at com.microsoft.playwright.impl.ChannelOwner.runUntil(ChannelOwner.java:118)
... 34 more
]]>
            </full-stacktrace>
          </exception> <!-- com.microsoft.playwright.PlaywrightException -->
          <reporter-output>
          </reporter-output>
        </test-method> <!-- testInputFormSubmit -->
        <test-method is-config="true" signature="teardown()[pri:0, instance:tests.InputFormTest@121314f7]" started-at="2025-06-28T12:00:25 BDT" name="teardown" finished-at="2025-06-28T12:00:25 BDT" duration-ms="0" status="SKIP">
          <reporter-output>
          </reporter-output>
        </test-method> <!-- teardown -->
      </class> <!-- tests.InputFormTest -->
    </test> <!-- InputFormTest -->
  </suite> <!-- LambdaTest Playwright Suite -->
</testng-results>
