<?xml version="1.0" encoding="UTF-8"?>
<testsuite xmlns:xsi="http://www.w3.org/2001/XMLSchema-instance" xsi:noNamespaceSchemaLocation="https://maven.apache.org/surefire/maven-surefire-plugin/xsd/surefire-test-report-3.0.xsd" version="3.0" name="TestSuite" time="10.923" tests="9" errors="0" skipped="6" failures="3">
  <properties>
    <property name="java.specification.version" value="21"/>
    <property name="sun.cpu.isalist" value="amd64"/>
    <property name="sun.jnu.encoding" value="Cp1252"/>
    <property name="java.class.path" value="C:\Users\HP\OneDrive\Desktop\New folder\LamdatestPlaywright102Assignment\target\test-classes;C:\Users\HP\OneDrive\Desktop\New folder\LamdatestPlaywright102Assignment\target\classes;C:\Users\HP\.m2\repository\com\microsoft\playwright\playwright\1.44.0\playwright-1.44.0.jar;C:\Users\HP\.m2\repository\com\google\code\gson\gson\2.10.1\gson-2.10.1.jar;C:\Users\HP\.m2\repository\org\opentest4j\opentest4j\1.3.0\opentest4j-1.3.0.jar;C:\Users\HP\.m2\repository\com\microsoft\playwright\driver\1.44.0\driver-1.44.0.jar;C:\Users\HP\.m2\repository\com\microsoft\playwright\driver-bundle\1.44.0\driver-bundle-1.44.0.jar;C:\Users\HP\.m2\repository\org\testng\testng\7.9.0\testng-7.9.0.jar;C:\Users\HP\.m2\repository\org\slf4j\slf4j-api\1.7.36\slf4j-api-1.7.36.jar;C:\Users\HP\.m2\repository\com\beust\jcommander\1.82\jcommander-1.82.jar;C:\Users\HP\.m2\repository\org\webjars\jquery\3.7.1\jquery-3.7.1.jar;C:\Users\HP\.m2\repository\io\qameta\allure\allure-testng\2.17.3\allure-testng-2.17.3.jar;C:\Users\HP\.m2\repository\io\qameta\allure\allure-java-commons\2.17.3\allure-java-commons-2.17.3.jar;C:\Users\HP\.m2\repository\io\qameta\allure\allure-model\2.17.3\allure-model-2.17.3.jar;C:\Users\HP\.m2\repository\io\qameta\allure\allure-test-filter\2.17.3\allure-test-filter-2.17.3.jar;"/>
    <property name="java.vm.vendor" value="Oracle Corporation"/>
    <property name="sun.arch.data.model" value="64"/>
    <property name="user.variant" value=""/>
    <property name="java.vendor.url" value="https://java.oracle.com/"/>
    <property name="user.timezone" value="Asia/Dhaka"/>
    <property name="os.name" value="Windows 11"/>
    <property name="java.vm.specification.version" value="21"/>
    <property name="sun.java.launcher" value="SUN_STANDARD"/>
    <property name="user.country" value="US"/>
    <property name="sun.boot.library.path" value="C:\Program Files\Java\jdk-21\bin"/>
    <property name="sun.java.command" value="C:\Users\HP\AppData\Local\Temp\surefire12872866002122428548\surefirebooter-20250628120014062_3.jar C:\Users\HP\AppData\Local\Temp\surefire12872866002122428548 2025-06-28T12-00-13_825-jvmRun1 surefire-20250628120014062_1tmp surefire_0-20250628120014062_2tmp"/>
    <property name="jdk.debug" value="release"/>
    <property name="surefire.test.class.path" value="C:\Users\HP\OneDrive\Desktop\New folder\LamdatestPlaywright102Assignment\target\test-classes;C:\Users\HP\OneDrive\Desktop\New folder\LamdatestPlaywright102Assignment\target\classes;C:\Users\HP\.m2\repository\com\microsoft\playwright\playwright\1.44.0\playwright-1.44.0.jar;C:\Users\HP\.m2\repository\com\google\code\gson\gson\2.10.1\gson-2.10.1.jar;C:\Users\HP\.m2\repository\org\opentest4j\opentest4j\1.3.0\opentest4j-1.3.0.jar;C:\Users\HP\.m2\repository\com\microsoft\playwright\driver\1.44.0\driver-1.44.0.jar;C:\Users\HP\.m2\repository\com\microsoft\playwright\driver-bundle\1.44.0\driver-bundle-1.44.0.jar;C:\Users\HP\.m2\repository\org\testng\testng\7.9.0\testng-7.9.0.jar;C:\Users\HP\.m2\repository\org\slf4j\slf4j-api\1.7.36\slf4j-api-1.7.36.jar;C:\Users\HP\.m2\repository\com\beust\jcommander\1.82\jcommander-1.82.jar;C:\Users\HP\.m2\repository\org\webjars\jquery\3.7.1\jquery-3.7.1.jar;C:\Users\HP\.m2\repository\io\qameta\allure\allure-testng\2.17.3\allure-testng-2.17.3.jar;C:\Users\HP\.m2\repository\io\qameta\allure\allure-java-commons\2.17.3\allure-java-commons-2.17.3.jar;C:\Users\HP\.m2\repository\io\qameta\allure\allure-model\2.17.3\allure-model-2.17.3.jar;C:\Users\HP\.m2\repository\io\qameta\allure\allure-test-filter\2.17.3\allure-test-filter-2.17.3.jar;"/>
    <property name="sun.cpu.endian" value="little"/>
    <property name="user.home" value="C:\Users\HP"/>
    <property name="user.language" value="en"/>
    <property name="java.specification.vendor" value="Oracle Corporation"/>
    <property name="java.version.date" value="2025-04-15"/>
    <property name="java.home" value="C:\Program Files\Java\jdk-21"/>
    <property name="file.separator" value="\"/>
    <property name="basedir" value="C:\Users\HP\OneDrive\Desktop\New folder\LamdatestPlaywright102Assignment"/>
    <property name="java.vm.compressedOopsMode" value="Zero based"/>
    <property name="line.separator" value="&#10;"/>
    <property name="java.vm.specification.vendor" value="Oracle Corporation"/>
    <property name="java.specification.name" value="Java Platform API Specification"/>
    <property name="surefire.real.class.path" value="C:\Users\HP\AppData\Local\Temp\surefire12872866002122428548\surefirebooter-20250628120014062_3.jar"/>
    <property name="user.script" value=""/>
    <property name="sun.management.compiler" value="HotSpot 64-Bit Tiered Compilers"/>
    <property name="java.runtime.version" value="21.0.7+8-LTS-245"/>
    <property name="user.name" value="HP"/>
    <property name="stdout.encoding" value="Cp1252"/>
    <property name="path.separator" value=";"/>
    <property name="os.version" value="10.0"/>
    <property name="java.runtime.name" value="Java(TM) SE Runtime Environment"/>
    <property name="file.encoding" value="UTF-8"/>
    <property name="java.vm.name" value="Java HotSpot(TM) 64-Bit Server VM"/>
    <property name="localRepository" value="C:\Users\HP\.m2\repository"/>
    <property name="java.vendor.url.bug" value="https://bugreport.java.com/bugreport/"/>
    <property name="java.io.tmpdir" value="C:\Users\HP\AppData\Local\Temp\"/>
    <property name="java.version" value="21.0.7"/>
    <property name="user.dir" value="C:\Users\HP\OneDrive\Desktop\New folder\LamdatestPlaywright102Assignment"/>
    <property name="os.arch" value="amd64"/>
    <property name="java.vm.specification.name" value="Java Virtual Machine Specification"/>
    <property name="sun.os.patch.level" value=""/>
    <property name="native.encoding" value="Cp1252"/>
    <property name="java.library.path" value="C:\Program Files\Java\jdk-21\bin;C:\WINDOWS\Sun\Java\bin;C:\WINDOWS\system32;C:\WINDOWS;C:\Python313\Scripts\;C:\Python313\;C:\Program Files\Common Files\Oracle\Java\javapath;C:\WINDOWS\system32;C:\WINDOWS;C:\WINDOWS\System32\Wbem;C:\WINDOWS\System32\WindowsPowerShell\v1.0\;C:\WINDOWS\System32\OpenSSH\;C:\Users\HP\apache-maven\apache-maven-3.9.9\bin;C:\Program Files\Java\jdk-21\bin;C:\Program Files\Git\cmd;C:\Program Files\nodejs\;C:\ProgramData\chocolatey\bin;C:\Users\HP\AppData\Local\Android\Sdk\platform-tools;C:\Users\HP\AppData\Local\Android\Sdk\tools;C:\Users\HP\AppData\Local\Android\Sdk\tools\bin;C:\LambdaTest\;C:\Users\HP\scoop\shims;C:\Users\HP\AppData\Local\Microsoft\WindowsApps;;C:\Program Files\JetBrains\IntelliJ IDEA 2024.3.5\bin;;C:\Users\HP\AppData\Local\Programs\Microsoft VS Code\bin;C:\Program Files\JetBrains\PyCharm 2025.1\bin;;C:\Users\HP\AppData\Roaming\npm;."/>
    <property name="java.vm.info" value="mixed mode, sharing"/>
    <property name="stderr.encoding" value="Cp1252"/>
    <property name="java.vendor" value="Oracle Corporation"/>
    <property name="java.vm.version" value="21.0.7+8-LTS-245"/>
    <property name="sun.io.unicode.encoding" value="UnicodeLittle"/>
    <property name="java.class.version" value="65.0"/>
  </properties>
  <testcase name="setup" classname="tests.SimpleFormTest" time="8.366">
    <failure message="Error {&#10;  message=&apos;url: expected string, got undefined&#10;  name=&apos;Error&#10;  stack=&apos;Error: url: expected string, got undefined&#10;    at tString (C:\Users\HP\AppData\Local\Temp\playwright-java-491993305141980395\package\lib\protocol\validatorPrimitives.js:58:9)&#10;    at C:\Users\HP\AppData\Local\Temp\playwright-java-491993305141980395\package\lib\protocol\validatorPrimitives.js:107:21&#10;    at DispatcherConnection.dispatch (C:\Users\HP\AppData\Local\Temp\playwright-java-491993305141980395\package\lib\server\dispatchers\dispatcher.js:281:21)&#10;    at transport.onmessage (C:\Users\HP\AppData\Local\Temp\playwright-java-491993305141980395\package\lib\cli\driver.js:52:57)&#10;    at Immediate._onImmediate (C:\Users\HP\AppData\Local\Temp\playwright-java-491993305141980395\package\lib\protocol\transport.js:77:34)&#10;    at process.processImmediate (node:internal/timers:478:21)&#10;}" type="com.microsoft.playwright.PlaywrightException"><![CDATA[com.microsoft.playwright.PlaywrightException: 
Error {
  message='url: expected string, got undefined
  name='Error
  stack='Error: url: expected string, got undefined
    at tString (C:\Users\HP\AppData\Local\Temp\playwright-java-491993305141980395\package\lib\protocol\validatorPrimitives.js:58:9)
    at C:\Users\HP\AppData\Local\Temp\playwright-java-491993305141980395\package\lib\protocol\validatorPrimitives.js:107:21
    at DispatcherConnection.dispatch (C:\Users\HP\AppData\Local\Temp\playwright-java-491993305141980395\package\lib\server\dispatchers\dispatcher.js:281:21)
    at transport.onmessage (C:\Users\HP\AppData\Local\Temp\playwright-java-491993305141980395\package\lib\cli\driver.js:52:57)
    at Immediate._onImmediate (C:\Users\HP\AppData\Local\Temp\playwright-java-491993305141980395\package\lib\protocol\transport.js:77:34)
    at process.processImmediate (node:internal/timers:478:21)
}
	at com.microsoft.playwright.impl.WaitableResult.get(WaitableResult.java:56)
	at com.microsoft.playwright.impl.ChannelOwner.runUntil(ChannelOwner.java:120)
	at com.microsoft.playwright.impl.Connection.sendMessage(Connection.java:130)
	at com.microsoft.playwright.impl.ChannelOwner.sendMessage(ChannelOwner.java:106)
	at com.microsoft.playwright.impl.FrameImpl.navigateImpl(FrameImpl.java:463)
	at com.microsoft.playwright.impl.PageImpl.lambda$navigate$46(PageImpl.java:927)
	at com.microsoft.playwright.impl.LoggingSupport.withLogging(LoggingSupport.java:47)
	at com.microsoft.playwright.impl.ChannelOwner.withLogging(ChannelOwner.java:89)
	at com.microsoft.playwright.impl.PageImpl.navigate(PageImpl.java:927)
	at com.microsoft.playwright.impl.PageImpl.navigate(PageImpl.java:42)
	at com.microsoft.playwright.Page.navigate(Page.java:5530)
	at base.BaseTest.setup(BaseTest.java:20)
	at java.base/jdk.internal.reflect.DirectMethodHandleAccessor.invoke(DirectMethodHandleAccessor.java:103)
	at java.base/java.lang.reflect.Method.invoke(Method.java:580)
	at org.testng.internal.invokers.MethodInvocationHelper.invokeMethod(MethodInvocationHelper.java:139)
	at org.testng.internal.invokers.MethodInvocationHelper.invokeMethodConsideringTimeout(MethodInvocationHelper.java:69)
	at org.testng.internal.invokers.ConfigInvoker.invokeConfigurationMethod(ConfigInvoker.java:393)
	at org.testng.internal.invokers.ConfigInvoker.invokeConfigurations(ConfigInvoker.java:326)
	at org.testng.internal.invokers.TestInvoker.runConfigMethods(TestInvoker.java:810)
	at org.testng.internal.invokers.TestInvoker.invokeMethod(TestInvoker.java:578)
	at org.testng.internal.invokers.TestInvoker.invokeTestMethod(TestInvoker.java:228)
	at org.testng.internal.invokers.MethodRunner.runInSequence(MethodRunner.java:63)
	at org.testng.internal.invokers.TestInvoker$MethodInvocationAgent.invoke(TestInvoker.java:961)
	at org.testng.internal.invokers.TestInvoker.invokeTestMethods(TestInvoker.java:201)
	at org.testng.internal.invokers.TestMethodWorker.invokeTestMethods(TestMethodWorker.java:148)
	at org.testng.internal.invokers.TestMethodWorker.run(TestMethodWorker.java:128)
	at java.base/java.util.ArrayList.forEach(ArrayList.java:1596)
	at org.testng.TestRunner.privateRun(TestRunner.java:819)
	at org.testng.TestRunner.run(TestRunner.java:619)
	at org.testng.SuiteRunner.runTest(SuiteRunner.java:443)
	at org.testng.SuiteRunner$SuiteWorker.run(SuiteRunner.java:481)
	at org.testng.internal.thread.ThreadUtil.lambda$execute$0(ThreadUtil.java:58)
	at java.base/java.util.concurrent.FutureTask.run(FutureTask.java:317)
	at java.base/java.util.concurrent.ThreadPoolExecutor.runWorker(ThreadPoolExecutor.java:1144)
	at java.base/java.util.concurrent.ThreadPoolExecutor$Worker.run(ThreadPoolExecutor.java:642)
	at java.base/java.lang.Thread.run(Thread.java:1583)
Caused by: com.microsoft.playwright.impl.DriverException: Error {
  message='url: expected string, got undefined
  name='Error
  stack='Error: url: expected string, got undefined
    at tString (C:\Users\HP\AppData\Local\Temp\playwright-java-491993305141980395\package\lib\protocol\validatorPrimitives.js:58:9)
    at C:\Users\HP\AppData\Local\Temp\playwright-java-491993305141980395\package\lib\protocol\validatorPrimitives.js:107:21
    at DispatcherConnection.dispatch (C:\Users\HP\AppData\Local\Temp\playwright-java-491993305141980395\package\lib\server\dispatchers\dispatcher.js:281:21)
    at transport.onmessage (C:\Users\HP\AppData\Local\Temp\playwright-java-491993305141980395\package\lib\cli\driver.js:52:57)
    at Immediate._onImmediate (C:\Users\HP\AppData\Local\Temp\playwright-java-491993305141980395\package\lib\protocol\transport.js:77:34)
    at process.processImmediate (node:internal/timers:478:21)
}
	at com.microsoft.playwright.impl.Connection.dispatch(Connection.java:259)
	at com.microsoft.playwright.impl.Connection.processOneMessage(Connection.java:211)
	at com.microsoft.playwright.impl.ChannelOwner.runUntil(ChannelOwner.java:118)
	... 34 more
]]></failure>
    <system-err><![CDATA[SLF4J: Failed to load class "org.slf4j.impl.StaticLoggerBinder".
SLF4J: Defaulting to no-operation (NOP) logger implementation
SLF4J: See http://www.slf4j.org/codes.html#StaticLoggerBinder for further details.
]]></system-err>
  </testcase>
  <testcase name="testSimpleFormDemo" classname="tests.SimpleFormTest" time="0">
    <skipped message="Error {&#10;  message=&apos;url: expected string, got undefined&#10;  name=&apos;Error&#10;  stack=&apos;Error: url: expected string, got undefined&#10;    at tString (C:\Users\HP\AppData\Local\Temp\playwright-java-491993305141980395\package\lib\protocol\validatorPrimitives.js:58:9)&#10;    at C:\Users\HP\AppData\Local\Temp\playwright-java-491993305141980395\package\lib\protocol\validatorPrimitives.js:107:21&#10;    at DispatcherConnection.dispatch (C:\Users\HP\AppData\Local\Temp\playwright-java-491993305141980395\package\lib\server\dispatchers\dispatcher.js:281:21)&#10;    at transport.onmessage (C:\Users\HP\AppData\Local\Temp\playwright-java-491993305141980395\package\lib\cli\driver.js:52:57)&#10;    at Immediate._onImmediate (C:\Users\HP\AppData\Local\Temp\playwright-java-491993305141980395\package\lib\protocol\transport.js:77:34)&#10;    at process.processImmediate (node:internal/timers:478:21)&#10;}"/>
  </testcase>
  <testcase name="teardown" classname="tests.SimpleFormTest" time="0">
    <skipped/>
  </testcase>
  <testcase name="setup" classname="tests.SliderTest" time="0.007">
    <failure message="Error {&#10;  message=&apos;url: expected string, got undefined&#10;  name=&apos;Error&#10;  stack=&apos;Error: url: expected string, got undefined&#10;    at tString (C:\Users\HP\AppData\Local\Temp\playwright-java-491993305141980395\package\lib\protocol\validatorPrimitives.js:58:9)&#10;    at C:\Users\HP\AppData\Local\Temp\playwright-java-491993305141980395\package\lib\protocol\validatorPrimitives.js:107:21&#10;    at DispatcherConnection.dispatch (C:\Users\HP\AppData\Local\Temp\playwright-java-491993305141980395\package\lib\server\dispatchers\dispatcher.js:281:21)&#10;    at transport.onmessage (C:\Users\HP\AppData\Local\Temp\playwright-java-491993305141980395\package\lib\cli\driver.js:52:57)&#10;    at Immediate._onImmediate (C:\Users\HP\AppData\Local\Temp\playwright-java-491993305141980395\package\lib\protocol\transport.js:77:34)&#10;    at process.processImmediate (node:internal/timers:478:21)&#10;}" type="com.microsoft.playwright.PlaywrightException"><![CDATA[com.microsoft.playwright.PlaywrightException: 
Error {
  message='url: expected string, got undefined
  name='Error
  stack='Error: url: expected string, got undefined
    at tString (C:\Users\HP\AppData\Local\Temp\playwright-java-491993305141980395\package\lib\protocol\validatorPrimitives.js:58:9)
    at C:\Users\HP\AppData\Local\Temp\playwright-java-491993305141980395\package\lib\protocol\validatorPrimitives.js:107:21
    at DispatcherConnection.dispatch (C:\Users\HP\AppData\Local\Temp\playwright-java-491993305141980395\package\lib\server\dispatchers\dispatcher.js:281:21)
    at transport.onmessage (C:\Users\HP\AppData\Local\Temp\playwright-java-491993305141980395\package\lib\cli\driver.js:52:57)
    at Immediate._onImmediate (C:\Users\HP\AppData\Local\Temp\playwright-java-491993305141980395\package\lib\protocol\transport.js:77:34)
    at process.processImmediate (node:internal/timers:478:21)
}
	at com.microsoft.playwright.impl.WaitableResult.get(WaitableResult.java:56)
	at com.microsoft.playwright.impl.ChannelOwner.runUntil(ChannelOwner.java:120)
	at com.microsoft.playwright.impl.Connection.sendMessage(Connection.java:130)
	at com.microsoft.playwright.impl.ChannelOwner.sendMessage(ChannelOwner.java:106)
	at com.microsoft.playwright.impl.FrameImpl.navigateImpl(FrameImpl.java:463)
	at com.microsoft.playwright.impl.PageImpl.lambda$navigate$46(PageImpl.java:927)
	at com.microsoft.playwright.impl.LoggingSupport.withLogging(LoggingSupport.java:47)
	at com.microsoft.playwright.impl.ChannelOwner.withLogging(ChannelOwner.java:89)
	at com.microsoft.playwright.impl.PageImpl.navigate(PageImpl.java:927)
	at com.microsoft.playwright.impl.PageImpl.navigate(PageImpl.java:42)
	at com.microsoft.playwright.Page.navigate(Page.java:5530)
	at base.BaseTest.setup(BaseTest.java:20)
	at java.base/jdk.internal.reflect.DirectMethodHandleAccessor.invoke(DirectMethodHandleAccessor.java:103)
	at java.base/java.lang.reflect.Method.invoke(Method.java:580)
	at org.testng.internal.invokers.MethodInvocationHelper.invokeMethod(MethodInvocationHelper.java:139)
	at org.testng.internal.invokers.MethodInvocationHelper.invokeMethodConsideringTimeout(MethodInvocationHelper.java:69)
	at org.testng.internal.invokers.ConfigInvoker.invokeConfigurationMethod(ConfigInvoker.java:393)
	at org.testng.internal.invokers.ConfigInvoker.invokeConfigurations(ConfigInvoker.java:326)
	at org.testng.internal.invokers.TestInvoker.runConfigMethods(TestInvoker.java:810)
	at org.testng.internal.invokers.TestInvoker.invokeMethod(TestInvoker.java:578)
	at org.testng.internal.invokers.TestInvoker.invokeTestMethod(TestInvoker.java:228)
	at org.testng.internal.invokers.MethodRunner.runInSequence(MethodRunner.java:63)
	at org.testng.internal.invokers.TestInvoker$MethodInvocationAgent.invoke(TestInvoker.java:961)
	at org.testng.internal.invokers.TestInvoker.invokeTestMethods(TestInvoker.java:201)
	at org.testng.internal.invokers.TestMethodWorker.invokeTestMethods(TestMethodWorker.java:148)
	at org.testng.internal.invokers.TestMethodWorker.run(TestMethodWorker.java:128)
	at java.base/java.util.ArrayList.forEach(ArrayList.java:1596)
	at org.testng.TestRunner.privateRun(TestRunner.java:819)
	at org.testng.TestRunner.run(TestRunner.java:619)
	at org.testng.SuiteRunner.runTest(SuiteRunner.java:443)
	at org.testng.SuiteRunner$SuiteWorker.run(SuiteRunner.java:481)
	at org.testng.internal.thread.ThreadUtil.lambda$execute$0(ThreadUtil.java:58)
	at java.base/java.util.concurrent.FutureTask.run(FutureTask.java:317)
	at java.base/java.util.concurrent.ThreadPoolExecutor.runWorker(ThreadPoolExecutor.java:1144)
	at java.base/java.util.concurrent.ThreadPoolExecutor$Worker.run(ThreadPoolExecutor.java:642)
	at java.base/java.lang.Thread.run(Thread.java:1583)
Caused by: com.microsoft.playwright.impl.DriverException: Error {
  message='url: expected string, got undefined
  name='Error
  stack='Error: url: expected string, got undefined
    at tString (C:\Users\HP\AppData\Local\Temp\playwright-java-491993305141980395\package\lib\protocol\validatorPrimitives.js:58:9)
    at C:\Users\HP\AppData\Local\Temp\playwright-java-491993305141980395\package\lib\protocol\validatorPrimitives.js:107:21
    at DispatcherConnection.dispatch (C:\Users\HP\AppData\Local\Temp\playwright-java-491993305141980395\package\lib\server\dispatchers\dispatcher.js:281:21)
    at transport.onmessage (C:\Users\HP\AppData\Local\Temp\playwright-java-491993305141980395\package\lib\cli\driver.js:52:57)
    at Immediate._onImmediate (C:\Users\HP\AppData\Local\Temp\playwright-java-491993305141980395\package\lib\protocol\transport.js:77:34)
    at process.processImmediate (node:internal/timers:478:21)
}
	at com.microsoft.playwright.impl.Connection.dispatch(Connection.java:259)
	at com.microsoft.playwright.impl.Connection.processOneMessage(Connection.java:211)
	at com.microsoft.playwright.impl.ChannelOwner.runUntil(ChannelOwner.java:118)
	... 34 more
]]></failure>
  </testcase>
  <testcase name="testSliderTo95" classname="tests.SliderTest" time="0">
    <skipped message="Error {&#10;  message=&apos;url: expected string, got undefined&#10;  name=&apos;Error&#10;  stack=&apos;Error: url: expected string, got undefined&#10;    at tString (C:\Users\HP\AppData\Local\Temp\playwright-java-491993305141980395\package\lib\protocol\validatorPrimitives.js:58:9)&#10;    at C:\Users\HP\AppData\Local\Temp\playwright-java-491993305141980395\package\lib\protocol\validatorPrimitives.js:107:21&#10;    at DispatcherConnection.dispatch (C:\Users\HP\AppData\Local\Temp\playwright-java-491993305141980395\package\lib\server\dispatchers\dispatcher.js:281:21)&#10;    at transport.onmessage (C:\Users\HP\AppData\Local\Temp\playwright-java-491993305141980395\package\lib\cli\driver.js:52:57)&#10;    at Immediate._onImmediate (C:\Users\HP\AppData\Local\Temp\playwright-java-491993305141980395\package\lib\protocol\transport.js:77:34)&#10;    at process.processImmediate (node:internal/timers:478:21)&#10;}"/>
  </testcase>
  <testcase name="teardown" classname="tests.SliderTest" time="0">
    <skipped/>
  </testcase>
  <testcase name="setup" classname="tests.InputFormTest" time="2.216">
    <failure message="Error {&#10;  message=&apos;url: expected string, got undefined&#10;  name=&apos;Error&#10;  stack=&apos;Error: url: expected string, got undefined&#10;    at tString (C:\Users\HP\AppData\Local\Temp\playwright-java-491993305141980395\package\lib\protocol\validatorPrimitives.js:58:9)&#10;    at C:\Users\HP\AppData\Local\Temp\playwright-java-491993305141980395\package\lib\protocol\validatorPrimitives.js:107:21&#10;    at DispatcherConnection.dispatch (C:\Users\HP\AppData\Local\Temp\playwright-java-491993305141980395\package\lib\server\dispatchers\dispatcher.js:281:21)&#10;    at transport.onmessage (C:\Users\HP\AppData\Local\Temp\playwright-java-491993305141980395\package\lib\cli\driver.js:52:57)&#10;    at Immediate._onImmediate (C:\Users\HP\AppData\Local\Temp\playwright-java-491993305141980395\package\lib\protocol\transport.js:77:34)&#10;    at process.processImmediate (node:internal/timers:478:21)&#10;}" type="com.microsoft.playwright.PlaywrightException"><![CDATA[com.microsoft.playwright.PlaywrightException: 
Error {
  message='url: expected string, got undefined
  name='Error
  stack='Error: url: expected string, got undefined
    at tString (C:\Users\HP\AppData\Local\Temp\playwright-java-491993305141980395\package\lib\protocol\validatorPrimitives.js:58:9)
    at C:\Users\HP\AppData\Local\Temp\playwright-java-491993305141980395\package\lib\protocol\validatorPrimitives.js:107:21
    at DispatcherConnection.dispatch (C:\Users\HP\AppData\Local\Temp\playwright-java-491993305141980395\package\lib\server\dispatchers\dispatcher.js:281:21)
    at transport.onmessage (C:\Users\HP\AppData\Local\Temp\playwright-java-491993305141980395\package\lib\cli\driver.js:52:57)
    at Immediate._onImmediate (C:\Users\HP\AppData\Local\Temp\playwright-java-491993305141980395\package\lib\protocol\transport.js:77:34)
    at process.processImmediate (node:internal/timers:478:21)
}
	at com.microsoft.playwright.impl.WaitableResult.get(WaitableResult.java:56)
	at com.microsoft.playwright.impl.ChannelOwner.runUntil(ChannelOwner.java:120)
	at com.microsoft.playwright.impl.Connection.sendMessage(Connection.java:130)
	at com.microsoft.playwright.impl.ChannelOwner.sendMessage(ChannelOwner.java:106)
	at com.microsoft.playwright.impl.FrameImpl.navigateImpl(FrameImpl.java:463)
	at com.microsoft.playwright.impl.PageImpl.lambda$navigate$46(PageImpl.java:927)
	at com.microsoft.playwright.impl.LoggingSupport.withLogging(LoggingSupport.java:47)
	at com.microsoft.playwright.impl.ChannelOwner.withLogging(ChannelOwner.java:89)
	at com.microsoft.playwright.impl.PageImpl.navigate(PageImpl.java:927)
	at com.microsoft.playwright.impl.PageImpl.navigate(PageImpl.java:42)
	at com.microsoft.playwright.Page.navigate(Page.java:5530)
	at base.BaseTest.setup(BaseTest.java:20)
	at java.base/jdk.internal.reflect.DirectMethodHandleAccessor.invoke(DirectMethodHandleAccessor.java:103)
	at java.base/java.lang.reflect.Method.invoke(Method.java:580)
	at org.testng.internal.invokers.MethodInvocationHelper.invokeMethod(MethodInvocationHelper.java:139)
	at org.testng.internal.invokers.MethodInvocationHelper.invokeMethodConsideringTimeout(MethodInvocationHelper.java:69)
	at org.testng.internal.invokers.ConfigInvoker.invokeConfigurationMethod(ConfigInvoker.java:393)
	at org.testng.internal.invokers.ConfigInvoker.invokeConfigurations(ConfigInvoker.java:326)
	at org.testng.internal.invokers.TestInvoker.runConfigMethods(TestInvoker.java:810)
	at org.testng.internal.invokers.TestInvoker.invokeMethod(TestInvoker.java:578)
	at org.testng.internal.invokers.TestInvoker.invokeTestMethod(TestInvoker.java:228)
	at org.testng.internal.invokers.MethodRunner.runInSequence(MethodRunner.java:63)
	at org.testng.internal.invokers.TestInvoker$MethodInvocationAgent.invoke(TestInvoker.java:961)
	at org.testng.internal.invokers.TestInvoker.invokeTestMethods(TestInvoker.java:201)
	at org.testng.internal.invokers.TestMethodWorker.invokeTestMethods(TestMethodWorker.java:148)
	at org.testng.internal.invokers.TestMethodWorker.run(TestMethodWorker.java:128)
	at java.base/java.util.ArrayList.forEach(ArrayList.java:1596)
	at org.testng.TestRunner.privateRun(TestRunner.java:819)
	at org.testng.TestRunner.run(TestRunner.java:619)
	at org.testng.SuiteRunner.runTest(SuiteRunner.java:443)
	at org.testng.SuiteRunner$SuiteWorker.run(SuiteRunner.java:481)
	at org.testng.internal.thread.ThreadUtil.lambda$execute$0(ThreadUtil.java:58)
	at java.base/java.util.concurrent.FutureTask.run(FutureTask.java:317)
	at java.base/java.util.concurrent.ThreadPoolExecutor.runWorker(ThreadPoolExecutor.java:1144)
	at java.base/java.util.concurrent.ThreadPoolExecutor$Worker.run(ThreadPoolExecutor.java:642)
	at java.base/java.lang.Thread.run(Thread.java:1583)
Caused by: com.microsoft.playwright.impl.DriverException: Error {
  message='url: expected string, got undefined
  name='Error
  stack='Error: url: expected string, got undefined
    at tString (C:\Users\HP\AppData\Local\Temp\playwright-java-491993305141980395\package\lib\protocol\validatorPrimitives.js:58:9)
    at C:\Users\HP\AppData\Local\Temp\playwright-java-491993305141980395\package\lib\protocol\validatorPrimitives.js:107:21
    at DispatcherConnection.dispatch (C:\Users\HP\AppData\Local\Temp\playwright-java-491993305141980395\package\lib\server\dispatchers\dispatcher.js:281:21)
    at transport.onmessage (C:\Users\HP\AppData\Local\Temp\playwright-java-491993305141980395\package\lib\cli\driver.js:52:57)
    at Immediate._onImmediate (C:\Users\HP\AppData\Local\Temp\playwright-java-491993305141980395\package\lib\protocol\transport.js:77:34)
    at process.processImmediate (node:internal/timers:478:21)
}
	at com.microsoft.playwright.impl.Connection.dispatch(Connection.java:259)
	at com.microsoft.playwright.impl.Connection.processOneMessage(Connection.java:211)
	at com.microsoft.playwright.impl.ChannelOwner.runUntil(ChannelOwner.java:118)
	... 34 more
]]></failure>
  </testcase>
  <testcase name="testInputFormSubmit" classname="tests.InputFormTest" time="0">
    <skipped message="Error {&#10;  message=&apos;url: expected string, got undefined&#10;  name=&apos;Error&#10;  stack=&apos;Error: url: expected string, got undefined&#10;    at tString (C:\Users\HP\AppData\Local\Temp\playwright-java-491993305141980395\package\lib\protocol\validatorPrimitives.js:58:9)&#10;    at C:\Users\HP\AppData\Local\Temp\playwright-java-491993305141980395\package\lib\protocol\validatorPrimitives.js:107:21&#10;    at DispatcherConnection.dispatch (C:\Users\HP\AppData\Local\Temp\playwright-java-491993305141980395\package\lib\server\dispatchers\dispatcher.js:281:21)&#10;    at transport.onmessage (C:\Users\HP\AppData\Local\Temp\playwright-java-491993305141980395\package\lib\cli\driver.js:52:57)&#10;    at Immediate._onImmediate (C:\Users\HP\AppData\Local\Temp\playwright-java-491993305141980395\package\lib\protocol\transport.js:77:34)&#10;    at process.processImmediate (node:internal/timers:478:21)&#10;}"/>
  </testcase>
  <testcase name="teardown" classname="tests.InputFormTest" time="0">
    <skipped/>
  </testcase>
</testsuite>